[    0.000000] Initializing cgroup subsys cpuset
[    0.000000] Initializing cgroup subsys cpu
[    0.000000] Initializing cgroup subsys cpuacct
[    0.000000] Linux version 4.4.0-210-generic (buildd@lgw01-amd64-009) (gcc version 5.4.0 20160609 (Ubuntu 5.4.0-6ubuntu1~16.04.12) ) #242-Ubuntu SMP Fri Apr 16 09:57:56 UTC 2021 (Ubuntu 4.4.0-210.242-generic 4.4.262)
[    0.000000] Command line: BOOT_IMAGE=/boot/vmlinuz-4.4.0-210-generic root=LABEL=cloudimg-rootfs ro console=tty1 console=ttyS0
[    0.000000] KERNEL supported cpus:
[    0.000000]   Intel GenuineIntel
[    0.000000]   AMD AuthenticAMD
[    0.000000]   Centaur CentaurHauls
[    0.000000] x86/fpu: Legacy x87 FPU detected.
[    0.000000] e820: BIOS-provided physical RAM map:
[    0.000000] BIOS-e820: [mem 0x0000000000000000-0x000000000009fbff] usable
[    0.000000] BIOS-e820: [mem 0x000000000009fc00-0x000000000009ffff] reserved
[    0.000000] BIOS-e820: [mem 0x00000000000f0000-0x00000000000fffff] reserved
[    0.000000] BIOS-e820: [mem 0x0000000000100000-0x000000003ffeffff] usable
[    0.000000] BIOS-e820: [mem 0x000000003fff0000-0x000000003fffffff] ACPI data
[    0.000000] BIOS-e820: [mem 0x00000000fec00000-0x00000000fec00fff] reserved
[    0.000000] BIOS-e820: [mem 0x00000000fee00000-0x00000000fee00fff] reserved
[    0.000000] BIOS-e820: [mem 0x00000000fffc0000-0x00000000ffffffff] reserved
[    0.000000] NX (Execute Disable) protection: active
[    0.000000] SMBIOS 2.5 present.
[    0.000000] Hypervisor detected: KVM
[    0.000000] Kernel/User page tables isolation: disabled
[    0.000000] e820: last_pfn = 0x3fff0 max_arch_pfn = 0x400000000
[    0.000000] MTRR: Disabled
[    0.000000] x86/PAT: MTRRs disabled, skipping PAT initialization too.
[    0.000000] CPU MTRRs all blank - virtualized system.
[    0.000000] x86/PAT: Configuration [0-7]: WB  WT  UC- UC  WB  WT  UC- UC  
[    0.000000] found SMP MP-table at [mem 0x0009fff0-0x0009ffff] mapped at [ffff88000009fff0]
[    0.000000] Scanning 1 areas for low memory corruption
[    0.000000] RAMDISK: [mem 0x362dc000-0x37165fff]
[    0.000000] ACPI: Early table checksum verification disabled
[    0.000000] ACPI: RSDP 0x00000000000E0000 000024 (v02 VBOX  )
[    0.000000] ACPI: XSDT 0x000000003FFF0030 00003C (v01 VBOX   VBOXXSDT 00000001 ASL  00000061)
[    0.000000] ACPI: FACP 0x000000003FFF00F0 0000F4 (v04 VBOX   VBOXFACP 00000001 ASL  00000061)
[    0.000000] ACPI: DSDT 0x000000003FFF0610 002353 (v02 VBOX   VBOXBIOS 00000002 INTL 20100528)
[    0.000000] ACPI: FACS 0x000000003FFF0200 000040
[    0.000000] ACPI: FACS 0x000000003FFF0200 000040
[    0.000000] ACPI: APIC 0x000000003FFF0240 00005C (v02 VBOX   VBOXAPIC 00000001 ASL  00000061)
[    0.000000] ACPI: SSDT 0x000000003FFF02A0 00036C (v01 VBOX   VBOXCPUT 00000002 INTL 20100528)
[    0.000000] No NUMA configuration found
[    0.000000] Faking a node at [mem 0x0000000000000000-0x000000003ffeffff]
[    0.000000] NODE_DATA(0) allocated [mem 0x3ffeb000-0x3ffeffff]
[    0.000000] kvm-clock: Using msrs 4b564d01 and 4b564d00
[    0.000000] kvm-clock: cpu 0, msr 0:3ffe3001, primary cpu clock
[    0.000000] kvm-clock: using sched offset of 3491689734 cycles
[    0.000000] clocksource: kvm-clock: mask: 0xffffffffffffffff max_cycles: 0x1cd42e4dffb, max_idle_ns: 881590591483 ns
[    0.000000] Zone ranges:
[    0.000000]   DMA      [mem 0x0000000000001000-0x0000000000ffffff]
[    0.000000]   DMA32    [mem 0x0000000001000000-0x000000003ffeffff]
[    0.000000]   Normal   empty
[    0.000000]   Device   empty
[    0.000000] Movable zone start for each node
[    0.000000] Early memory node ranges
[    0.000000]   node   0: [mem 0x0000000000001000-0x000000000009efff]
[    0.000000]   node   0: [mem 0x0000000000100000-0x000000003ffeffff]
[    0.000000] Initmem setup node 0 [mem 0x0000000000001000-0x000000003ffeffff]
[    0.000000] ACPI: PM-Timer IO Port: 0x4008
[    0.000000] IOAPIC[0]: apic_id 2, version 32, address 0xfec00000, GSI 0-23
[    0.000000] ACPI: INT_SRC_OVR (bus 0 bus_irq 0 global_irq 2 dfl dfl)
[    0.000000] ACPI: INT_SRC_OVR (bus 0 bus_irq 9 global_irq 9 low level)
[    0.000000] Using ACPI (MADT) for SMP configuration information
[    0.000000] smpboot: Allowing 2 CPUs, 0 hotplug CPUs
[    0.000000] PM: Registered nosave memory: [mem 0x00000000-0x00000fff]
[    0.000000] PM: Registered nosave memory: [mem 0x0009f000-0x0009ffff]
[    0.000000] PM: Registered nosave memory: [mem 0x000a0000-0x000effff]
[    0.000000] PM: Registered nosave memory: [mem 0x000f0000-0x000fffff]
[    0.000000] e820: [mem 0x40000000-0xfebfffff] available for PCI devices
[    0.000000] Booting paravirtualized kernel on KVM
[    0.000000] clocksource: refined-jiffies: mask: 0xffffffff max_cycles: 0xffffffff, max_idle_ns: 7645519600211568 ns
[    0.000000] setup_percpu: NR_CPUS:512 nr_cpumask_bits:512 nr_cpu_ids:2 nr_node_ids:1
[    0.000000] PERCPU: Embedded 33 pages/cpu @ffff88003fc00000 s95192 r8192 d31784 u1048576
[    0.000000] Built 1 zonelists in Node order, mobility grouping on.  Total pages: 257912
[    0.000000] Policy zone: DMA32
[    0.000000] Kernel command line: BOOT_IMAGE=/boot/vmlinuz-4.4.0-210-generic root=LABEL=cloudimg-rootfs ro console=tty1 console=ttyS0
[    0.000000] PID hash table entries: 4096 (order: 3, 32768 bytes)
[    0.000000] Memory: 997792K/1048120K available (8644K kernel code, 1332K rwdata, 4044K rodata, 1492K init, 1164K bss, 50328K reserved, 0K cma-reserved)
[    0.000000] SLUB: HWalign=64, Order=0-3, MinObjects=0, CPUs=2, Nodes=1
[    0.000000] Hierarchical RCU implementation.
[    0.000000] 	Build-time adjustment of leaf fanout to 64.
[    0.000000] 	RCU restricting CPUs from NR_CPUS=512 to nr_cpu_ids=2.
[    0.000000] RCU: Adjusting geometry for rcu_fanout_leaf=64, nr_cpu_ids=2
[    0.000000] NR_IRQS:33024 nr_irqs:440 16
[    0.000000] Console: colour VGA+ 80x25
[    0.000000] console [tty1] enabled
[    0.000000] console [ttyS0] enabled
[    0.000000] tsc: Detected 2112.006 MHz processor
[    0.557895] Calibrating delay loop (skipped) preset value.. 4224.01 BogoMIPS (lpj=8448024)
[    0.565898] pid_max: default: 32768 minimum: 301
[    0.570208] ACPI: Core revision 20150930
[    0.575406] ACPI: 2 ACPI AML tables successfully acquired and loaded
[    0.582236] Security Framework initialized
[    0.586162] Yama: becoming mindful.
[    0.589740] AppArmor: AppArmor initialized
[    0.593763] Dentry cache hash table entries: 131072 (order: 8, 1048576 bytes)
[    0.603789] Inode-cache hash table entries: 65536 (order: 7, 524288 bytes)
[    0.616306] Mount-cache hash table entries: 2048 (order: 2, 16384 bytes)
[    0.628446] Mountpoint-cache hash table entries: 2048 (order: 2, 16384 bytes)
[    0.641344] Initializing cgroup subsys io
[    0.645332] Initializing cgroup subsys memory
[    0.651022] Initializing cgroup subsys devices
[    0.659083] Initializing cgroup subsys freezer
[    0.666947] Initializing cgroup subsys net_cls
[    0.673430] Initializing cgroup subsys perf_event
[    0.679294] Initializing cgroup subsys net_prio
[    0.684589] Initializing cgroup subsys hugetlb
[    0.692107] Initializing cgroup subsys pids
[    0.713515] mce: CPU supports 0 MCE banks
[    0.718073] Last level iTLB entries: 4KB 64, 2MB 8, 4MB 8
[    0.723495] Last level dTLB entries: 4KB 64, 2MB 0, 4MB 0, 1GB 4
[    0.731775] Spectre V1 : Mitigation: usercopy/swapgs barriers and __user pointer sanitization
[    0.744891] Spectre V2 : Mitigation: Enhanced IBRS
[    0.749356] Spectre V2 : Spectre v2 / SpectreRSB mitigation: Filling RSB on context switch
[    0.763678] Speculative Store Bypass: Vulnerable
[    0.769536] SRBDS: Mitigation: TSX disabled
[    0.838739] Freeing SMP alternatives memory: 36K
[    0.972658] ftrace: allocating 32380 entries in 127 pages
[    1.801529] smpboot: APIC(0) Converting physical 0 to logical package 0
[    1.807479] smpboot: Max logical packages: 1
[    1.827204] ..TIMER: vector=0x30 apic1=0 pin1=2 apic2=-1 pin2=-1
[    1.941610] smpboot: CPU0: Intel(R) Core(TM) i7-8665U CPU @ 1.90GHz (family: 0x6, model: 0x8e, stepping: 0xc)
[    1.951222] Performance Events: unsupported p6 CPU model 142 no PMU driver, software events only.
[    2.084953] KVM setup paravirtual spinlock
[    2.091096] x86: Booting SMP configuration:
[    2.094856] .... node  #0, CPUs:      #1
[    2.099862] kvm-clock: cpu 1, msr 0:3ffe3041, secondary cpu clock
[    2.118575] mce: CPU supports 0 MCE banks
[    2.123042] TSC synchronization [CPU#0 -> CPU#1]:
[    2.128641] Measured 69620 cycles TSC warp between CPUs, turning off TSC clock.
[    2.136949] tsc: Marking TSC unstable due to check_tsc_sync_source failed
[    0.664975] x86: Booted up 1 node, 2 CPUs
[    0.668003] smpboot: Total of 2 processors activated (8448.02 BogoMIPS)
[    0.680009] devtmpfs: initialized
[    0.686209] evm: security.selinux
[    0.688006] evm: security.SMACK64
[    0.692002] evm: security.SMACK64EXEC
[    0.696002] evm: security.SMACK64TRANSMUTE
[    0.700002] evm: security.SMACK64MMAP
[    0.704002] evm: security.ima
[    0.708002] evm: security.capability
[    0.712252] clocksource: jiffies: mask: 0xffffffff max_cycles: 0xffffffff, max_idle_ns: 7645041785100000 ns
[    0.716010] futex hash table entries: 512 (order: 3, 32768 bytes)
[    0.724148] pinctrl core: initialized pinctrl subsystem
[    0.728376] RTC time: 13:31:58, date: 06/05/23
[    0.733030] NET: Registered protocol family 16
[    0.748008] cpuidle: using governor ladder
[    0.760006] cpuidle: using governor menu
[    0.763622] PCCT header not found.
[    0.768155] ACPI: bus type PCI registered
[    0.772003] acpiphp: ACPI Hot Plug PCI Controller Driver version: 0.5
[    0.776467] PCI: Using configuration type 1 for base access
[    0.796477] ACPI: Added _OSI(Module Device)
[    0.800003] ACPI: Added _OSI(Processor Device)
[    0.804002] ACPI: Added _OSI(3.0 _SCP Extensions)
[    0.808002] ACPI: Added _OSI(Processor Aggregator Device)
[    0.813212] ACPI: Executed 1 blocks of module-level executable AML code
[    0.824110] ACPI: Interpreter enabled
[    0.828012] ACPI: (supports S0 S5)
[    0.831035] ACPI: Using IOAPIC for interrupt routing
[    0.836208] PCI: Using host bridge windows from ACPI; if necessary, use "pci=nocrs" and report a bug
[    0.848134] ACPI: PCI Root Bridge [PCI0] (domain 0000 [bus 00-ff])
[    0.852007] acpi PNP0A03:00: _OSC: OS supports [ASPM ClockPM Segments MSI]
[    0.860464] acpi PNP0A03:00: _OSC: not requesting OS control; OS requires [ExtendedConfig ASPM ClockPM MSI]
[    0.864010] acpi PNP0A03:00: fail to add MMCONFIG information, can't access extended PCI configuration space under this bridge.
[    0.868719] PCI host bridge to bus 0000:00
[    0.872004] pci_bus 0000:00: root bus resource [io  0x0000-0x0cf7 window]
[    0.876004] pci_bus 0000:00: root bus resource [io  0x0d00-0xffff window]
[    0.880004] pci_bus 0000:00: root bus resource [mem 0x000a0000-0x000bffff window]
[    0.884003] pci_bus 0000:00: root bus resource [mem 0x40000000-0xfdffffff window]
[    0.888004] pci_bus 0000:00: root bus resource [bus 00-ff]
[    0.900376] pci 0000:00:01.1: legacy IDE quirk: reg 0x10: [io  0x01f0-0x01f7]
[    0.904006] pci 0000:00:01.1: legacy IDE quirk: reg 0x14: [io  0x03f6]
[    0.908003] pci 0000:00:01.1: legacy IDE quirk: reg 0x18: [io  0x0170-0x0177]
[    0.912005] pci 0000:00:01.1: legacy IDE quirk: reg 0x1c: [io  0x0376]
[    0.936994] pci 0000:00:07.0: quirk: [io  0x4000-0x403f] claimed by PIIX4 ACPI
[    0.940041] pci 0000:00:07.0: quirk: [io  0x4100-0x410f] claimed by PIIX4 SMB
[    0.953079] ACPI: PCI Interrupt Link [LNKA] (IRQs 5 9 10 *11)
[    0.960580] ACPI: PCI Interrupt Link [LNKB] (IRQs 5 9 *10 11)
[    0.969199] ACPI: PCI Interrupt Link [LNKC] (IRQs 5 *9 10 11)
[    0.976793] ACPI: PCI Interrupt Link [LNKD] (IRQs 5 9 10 *11)
[    0.984854] ACPI: Enabled 2 GPEs in block 00 to 07
[    0.988243] vgaarb: setting as boot device: PCI:0000:00:02.0
[    0.992000] vgaarb: device added: PCI:0000:00:02.0,decodes=io+mem,owns=io+mem,locks=none
[    0.992005] vgaarb: loaded
[    0.996003] vgaarb: bridge control possible 0000:00:02.0
[    1.000381] SCSI subsystem initialized
[    1.008141] ACPI: bus type USB registered
[    1.012040] usbcore: registered new interface driver usbfs
[    1.016028] usbcore: registered new interface driver hub
[    1.020010] usbcore: registered new device driver usb
[    1.028504] PCI: Using ACPI for IRQ routing
[    1.032808] NetLabel: Initializing
[    1.036002] NetLabel:  domain hash size = 128
[    1.040002] NetLabel:  protocols = UNLABELED CIPSOv4
[    1.044015] NetLabel:  unlabeled traffic allowed by default
[    1.048155] amd_nb: Cannot enumerate AMD northbridges
[    1.052259] clocksource: Switched to clocksource kvm-clock
[    1.080993] AppArmor: AppArmor Filesystem Enabled
[    1.080993] pnp: PnP ACPI init
[    1.080993] pnp: PnP ACPI: found 3 devices
[    1.134360] clocksource: acpi_pm: mask: 0xffffff max_cycles: 0xffffff, max_idle_ns: 2085701024 ns
[    1.136549] NET: Registered protocol family 2
[    1.147186] TCP established hash table entries: 8192 (order: 4, 65536 bytes)
[    1.150322] TCP bind hash table entries: 8192 (order: 5, 131072 bytes)
[    1.150322] TCP: Hash tables configured (established 8192 bind 8192)
[    1.150322] UDP hash table entries: 512 (order: 2, 16384 bytes)
[    1.150322] UDP-Lite hash table entries: 512 (order: 2, 16384 bytes)
[    1.150322] NET: Registered protocol family 1
[    1.150322] pci 0000:00:00.0: Limiting direct PCI/PCI transfers
[    1.150322] pci 0000:00:01.0: Activating ISA DMA hang workarounds
[    1.150322] Unpacking initramfs...
[    1.150322] Freeing initrd memory: 14888K
[    1.150322] clocksource: tsc: mask: 0xffffffffffffffff max_cycles: 0x1e717e40680, max_idle_ns: 440795297614 ns
[    1.150322] platform rtc_cmos: registered platform RTC device (no PNP device found)
[    1.150322] Scanning for low memory corruption every 60 seconds
[    1.563342] audit: initializing netlink subsys (disabled)
[    1.570168] audit: type=2000 audit(1685971923.473:1): initialized
[    1.576966] Initialise system trusted keyring
[    1.582206] HugeTLB registered 2 MB page size, pre-allocated 0 pages
[    1.589862] zbud: loaded
[    1.593171] VFS: Disk quotas dquot_6.6.0
[    1.597149] VFS: Dquot-cache hash table entries: 512 (order 0, 4096 bytes)
[    1.603806] squashfs: version 4.0 (2009/01/31) Phillip Lougher
[    1.609747] fuse init (API version 7.23)
[    1.613845] Key type big_key registered
[    1.617278] Allocating IMA MOK and blacklist keyrings.
[    1.632570] Key type asymmetric registered
[    1.636091] Asymmetric key parser 'x509' registered
[    1.640805] Block layer SCSI generic (bsg) driver version 0.4 loaded (major 249)
[    1.647813] io scheduler noop registered
[    1.652351] io scheduler deadline registered (default)
[    1.657480] io scheduler cfq registered
[    1.661898] pci_hotplug: PCI Hot Plug PCI Core version: 0.5
[    1.667023] pciehp: PCI Express Hot Plug Controller Driver version: 0.4
[    1.673236] ACPI: AC Adapter [AC] (on-line)
[    1.677415] input: Power Button as /devices/LNXSYSTM:00/LNXPWRBN:00/input/input0
[    1.684242] ACPI: Power Button [PWRF]
[    1.688300] input: Sleep Button as /devices/LNXSYSTM:00/LNXSLPBN:00/input/input1
[    1.695470] ACPI: Sleep Button [SLPF]
[    1.700101] GHES: HEST is not enabled!
[    1.701620] ACPI: Battery Slot [BAT0] (battery present)
[    1.710980] Serial: 8250/16550 driver, 32 ports, IRQ sharing enabled
[    1.747335] 00:02: ttyS0 at I/O 0x3f8 (irq = 4, base_baud = 115200) is a 16550A
[    1.773176] Linux agpgart interface v0.103
[    1.791760] loop: module loaded
[    1.798204] scsi host0: ata_piix
[    1.802379] scsi host1: ata_piix
[    1.805992] ata1: PATA max UDMA/33 cmd 0x1f0 ctl 0x3f6 bmdma 0xd000 irq 14
[    1.812753] ata2: PATA max UDMA/33 cmd 0x170 ctl 0x376 bmdma 0xd008 irq 15
[    1.819669] libphy: Fixed MDIO Bus: probed
[    1.824350] tun: Universal TUN/TAP device driver, 1.6
[    1.829874] tun: (C) 1999-2004 Max Krasnyansky <maxk@qualcomm.com>
[    1.836612] PPP generic driver version 2.4.2
[    1.841557] ehci_hcd: USB 2.0 'Enhanced' Host Controller (EHCI) Driver
[    1.847877] ehci-pci: EHCI PCI platform driver
[    1.852655] ehci-platform: EHCI generic platform driver
[    1.857905] ohci_hcd: USB 1.1 'Open' Host Controller (OHCI) Driver
[    1.863947] ohci-pci: OHCI PCI platform driver
[    1.868525] ohci-platform: OHCI generic platform driver
[    1.874081] uhci_hcd: USB Universal Host Controller Interface driver
[    1.880372] i8042: PNP: PS/2 Controller [PNP0303:PS2K,PNP0f03:PS2M] at 0x60,0x64 irq 1,12
[    1.892067] serio: i8042 KBD port at 0x60,0x64 irq 1
[    1.897017] serio: i8042 AUX port at 0x60,0x64 irq 12
[    1.902733] mousedev: PS/2 mouse device common for all mice
[    1.912724] rtc_cmos rtc_cmos: rtc core: registered rtc_cmos as rtc0
[    1.919253] input: AT Translated Set 2 keyboard as /devices/platform/i8042/serio0/input/input2
[    1.928587] rtc_cmos rtc_cmos: alarms up to one day, 114 bytes nvram
[    1.935342] i2c /dev entries driver
[    1.939069] device-mapper: uevent: version 1.0.3
[    1.944062] device-mapper: ioctl: 4.34.0-ioctl (2015-10-28) initialised: dm-devel@redhat.com
[    1.952151] ledtrig-cpu: registered to indicate activity on CPUs
[    1.961927] NET: Registered protocol family 10
[    1.967114] NET: Registered protocol family 17
[    1.971877] Key type dns_resolver registered
[    2.034193] registered taskstats version 1
[    2.038314] Loading compiled-in X.509 certificates
[    2.043824] Loaded X.509 cert 'Build time autogenerated kernel key: cf00e047681d67edb2720680708b7d9498083038'
[    2.053301] zswap: loaded using pool lzo/zbud
[    2.062003] Key type trusted registered
[    2.073561] Key type encrypted registered
[    2.077726] AppArmor: AppArmor sha1 policy hashing enabled
[    2.083321] ima: No TPM chip found, activating TPM-bypass!
[    2.088790] ima: Allocated hash algorithm: sha1
[    2.093534] evm: HMAC attrs: 0x1
[    2.099108]   Magic number: 11:231:533
[    2.104304] tty ttyS13: hash matches
[    2.110279] rtc_cmos rtc_cmos: setting system clock to 2023-06-05 13:32:00 UTC (1685971920)
[    2.122425] BIOS EDD facility v0.16 2004-Jun-25, 0 devices found
[    2.130917] EDD information not available.
[    2.139882] Freeing unused kernel memory: 1492K
[    2.156254] Write protecting the kernel read-only data: 14336k
[    2.166330] Freeing unused kernel memory: 1584K
[    2.171786] Freeing unused kernel memory: 52K
Loading, please wait...
starting version 229
[    2.209871] random: systemd-udevd: uninitialized urandom read (16 bytes read, 9 bits of entropy available)
[    2.211012] random: udevadm: uninitialized urandom read (16 bytes read, 9 bits of entropy available)
[    2.211037] random: udevadm: uninitialized urandom read (16 bytes read, 9 bits of entropy available)
[    2.221956] random: udevadm: uninitialized urandom read (16 bytes read, 9 bits of entropy available)
[    2.222002] random: udevadm: uninitialized urandom read (16 bytes read, 9 bits of entropy available)
[    2.222197] random: udevadm: uninitialized urandom read (16 bytes read, 9 bits of entropy available)
[    2.222283] random: udevadm: uninitialized urandom read (16 bytes read, 9 bits of entropy available)
[    2.222386] random: udevadm: uninitialized urandom read (16 bytes read, 9 bits of entropy available)
[    2.222438] random: udevadm: uninitialized urandom read (16 bytes read, 9 bits of entropy available)
[    2.222486] random: udevadm: uninitialized urandom read (16 bytes read, 9 bits of entropy available)
[    2.356279] e1000: Intel(R) PRO/1000 Network Driver - version 7.3.21-k8-NAPI
[    2.367813] e1000: Copyright (c) 1999-2006 Intel Corporation.
[    2.413849] Fusion MPT base driver 3.04.20
[    2.419761] Copyright (c) 1999-2008 LSI Corporation
[    2.473021] SSE version of gcm_enc/dec engaged.
[    2.495039] Fusion MPT SPI Host driver 3.04.20
[    2.737953] input: ImExPS/2 Generic Explorer Mouse as /devices/platform/i8042/serio1/input/input4
[    3.180789] e1000 0000:00:03.0 eth0: (PCI:33MHz:32-bit) 02:be:82:6b:cc:1d
[    3.187169] e1000 0000:00:03.0 eth0: Intel(R) PRO/1000 Network Connection
[    3.195439] e1000 0000:00:03.0 enp0s3: renamed from eth0
[    3.200745] mptbase: ioc0: Initiating bringup
[    3.293404] ioc0: LSI53C1030 A0: Capabilities={Initiator}
[    3.502587] scsi host2: ioc0: LSI53C1030 A0, FwRev=00000000h, Ports=1, MaxQ=256, IRQ=20
[    4.012839] scsi 2:0:0:0: Direct-Access     VBOX     HARDDISK         1.0  PQ: 0 ANSI: 5
[    4.016135] scsi target2:0:0: Beginning Domain Validation
[    4.027566] scsi target2:0:0: Domain Validation skipping write tests
[    4.031866] scsi target2:0:0: Ending Domain Validation
[    4.035817] scsi target2:0:0: asynchronous
[    4.040969] scsi 2:0:1:0: Direct-Access     VBOX     HARDDISK         1.0  PQ: 0 ANSI: 5
[    4.044883] scsi target2:0:1: Beginning Domain Validation
[    4.055827] scsi target2:0:1: Domain Validation skipping write tests
[    4.060519] scsi target2:0:1: Ending Domain Validation
[    4.064322] scsi target2:0:1: asynchronous
[    4.087011] sd 2:0:0:0: Attached scsi generic sg0 type 0
[    4.087252] sd 2:0:0:0: [sda] 83886080 512-byte logical blocks: (42.9 GB/40.0 GiB)
[    4.087805] sd 2:0:0:0: [sda] Write Protect is off
[    4.088288] sd 2:0:0:0: [sda] Incomplete mode parameter data
[    4.088288] sd 2:0:0:0: [sda] Assuming drive cache: write through
[    4.113038] sd 2:0:1:0: Attached scsi generic sg1 type 0
[    4.113468] sd 2:0:1:0: [sdb] 20480 512-byte logical blocks: (10.5 MB/10.0 MiB)
[    4.114004] sd 2:0:1:0: [sdb] Write Protect is off
[    4.114359] sd 2:0:1:0: [sdb] Incomplete mode parameter data
[    4.114360] sd 2:0:1:0: [sdb] Assuming drive cache: write through
[    4.116278]  sda: sda1
[    4.127877] sd 2:0:0:0: [sda] Attached SCSI disk
[    4.130957] sd 2:0:1:0: [sdb] Attached SCSI disk
Begin: Loading essential drivers ... [    5.730946] md: linear personality registered for level -1
[    5.739983] md: multipath personality registered for level -4
[    5.748236] md: raid0 personality registered for level 0
[    5.766514] md: raid1 personality registered for level 1
[   21.325941] raid6: sse2x1   gen() 2210657 MB/s
[   21.396916] raid6: sse2x1   xor()  6035 MB/s
[   21.468655] raid6: sse2x2   gen() 12420 MB/s
[   21.540912] raid6: sse2x2   xor()  8607 MB/s
[   21.612966] raid6: sse2x4   gen() 14254 MB/s
[   21.687433] raid6: sse2x4   xor()  9628 MB/s
[   21.691577] raid6: using algorithm sse2x1 gen() 2210657 MB/s
[   21.696891] raid6: .... xor() 6035 MB/s, rmw enabled
[   21.701552] raid6: using ssse3x2 recovery algorithm
[   21.709414] xor: measuring software checksum speed
[   21.752634]    prefetch64-sse: 22264.000 MB/sec
[   21.796203]    generic_sse: 17929.000 MB/sec
[   21.799930] xor: using function: prefetch64-sse (22264.000 MB/sec)
[   21.807374] async_tx: api initialized (async)
[   21.854155] md: raid6 personality registered for level 6
[   21.859284] md: raid5 personality registered for level 5
[   21.864045] md: raid4 personality registered for level 4
[   21.889231] md: raid10 personality registered for level 10
done.
Begin: Running /scripts/init-premount ... done.
Begin: Mounting root file system ... Begin: Running /scripts/local-top ... done.
Begin: Running /scripts/local-premount ... [   21.989612] Btrfs loaded
Scanning for Btrfs filesystems
done.
Warning: fsck not present, so skipping root file system
[   22.041628] EXT4-fs (sda1): mounted filesystem with ordered data mode. Opts: (null)
done.
Begin: Running /scripts/local-bottom ... done.
Begin: Running /scripts/init-bottom ... done.
[   22.218900] systemd[1]: systemd 229 running in system mode. (+PAM +AUDIT +SELINUX +IMA +APPARMOR +SMACK +SYSVINIT +UTMP +LIBCRYPTSETUP +GCRYPT +GNUTLS +ACL +XZ -LZ4 +SECCOMP +BLKID +ELFUTILS +KMOD -IDN)
[   22.234966] systemd[1]: Detected virtualization oracle.
[   22.239899] systemd[1]: Detected architecture x86-64.

Welcome to [1mUbuntu 16.04.7 LTS[0m!

[   22.255666] systemd[1]: Set hostname to <ubuntu>.
[   22.266734] systemd[1]: Initializing machine ID from random generator.
[   22.272750] systemd[1]: Installed transient /etc/machine-id file.
[   22.474090] systemd[1]: Created slice User and Session Slice.
[[0;32m  OK  [0m] Created slice User and Session Slice.
[   22.485999] systemd[1]: Started Trigger resolvconf update for networkd DNS.
[[0;32m  OK  [0m] Started Trigger resolvconf update for networkd DNS.
[   22.498770] systemd[1]: Started Forward Password Requests to Wall Directory Watch.
[[0;32m  OK  [0m] Started Forward Password Requests to Wall Directory Watch.
[   22.512626] systemd[1]: Reached target System Time Synchronized.
[[0;32m  OK  [0m] Reached target System Time Synchronized.
[   22.524487] systemd[1]: Listening on Journal Audit Socket.
[[0;32m  OK  [0m] Listening on Journal Audit Socket.
[   22.536006] systemd[1]: Listening on /dev/initctl Compatibility Named Pipe.
[[0;32m  OK  [0m] Listening on /dev/initctl Compatibility Named Pipe.
[   22.549022] systemd[1]: Reached target Swap.
[[0;32m  OK  [0m] Reached target Swap.
[   22.558805] systemd[1]: Reached target User and Group Name Lookups.
[[0;32m  OK  [0m] Reached target User and Group Name Lookups.
[   22.570698] systemd[1]: Created slice System Slice.
[[0;32m  OK  [0m] Created slice System Slice.
[   22.581376] systemd[1]: Listening on Journal Socket (/dev/log).
[[0;32m  OK  [0m] Listening on Journal Socket (/dev/log).
[   22.592739] systemd[1]: Reached target Slices.
[[0;32m  OK  [0m] Reached target Slices.
[   22.602617] systemd[1]: Listening on fsck to fsckd communication Socket.
[[0;32m  OK  [0m] Listening on fsck to fsckd communication Socket.
[   22.614686] systemd[1]: Reached target Encrypted Volumes.
[[0;32m  OK  [0m] Reached target Encrypted Volumes.
[   22.625880] systemd[1]: Set up automount Arbitrary Executable File Formats File System Automount Point.
[[0;32m  OK  [0m] Set up automount Arbitrary Executab...ats File System Automount Point.
[   22.641761] systemd[1]: Listening on Syslog Socket.
[[0;32m  OK  [0m] Listening on Syslog Socket.
[   22.652425] systemd[1]: Listening on LVM2 poll daemon socket.
[[0;32m  OK  [0m] Listening on LVM2 poll daemon socket.
[   22.663340] systemd[1]: Listening on Device-mapper event daemon FIFOs.
[[0;32m  OK  [0m] Listening on Device-mapper event daemon FIFOs.
[   22.675218] systemd[1]: Listening on udev Kernel Socket.
[[0;32m  OK  [0m] Listening on udev Kernel Socket.
[   22.685760] systemd[1]: Listening on Journal Socket.
[[0;32m  OK  [0m] Listening on Journal Socket.
[   22.713460] systemd[1]: Starting Journal Service...
         Starting Journal Service...
[   22.726917] systemd[1]: Starting Load Kernel Modules...
[   22.732838] random: nonblocking pool is initialized
         Starting Load Kernel Modules...
[   22.740951] systemd[1]: Starting Uncomplicated firewall...
         Starting Uncomplicated firewall...
[   22.751152] systemd[1]: Starting File System Check on Root Device...
         Starting File System Check on Root Device...
[   22.763451] systemd[1]: Mounting Debug File System...
         Mounting Debug File System...
[   22.775352] systemd[1]: Starting Set console keymap...
         Starting Set console keymap...
[   22.786478] Loading iSCSI transport class v2.0-870.
[   22.787401] systemd[1]: Mounting POSIX Message Queue File System...
         Mounting POSIX Message Queue File System...
[   22.805623] systemd[1]: Listening on udev Control Socket.
[[0;32m  OK  [0m] Listening on udev Control Socket.
[   22.822612] iscsi: registered transport (tcp)
[   22.842850] systemd[1]: Starting Create list of required static device nodes for the current kernel...
         Starting Create list of required st... nodes for the current kernel...
[   22.862207] systemd[1]: Created slice system-serial\x2dgetty.slice.
[[0;32m  OK  [0m] Created slice system-serial\x2dgetty.slice.
[   22.876825] systemd[1]: Listening on LVM2 metadata daemon socket.
[[0;32m  OK  [0m] Listening on LVM2 metadata daemon socket.
[   22.895095] systemd[1]: Starting Monitoring of LVM2 mirrors, snapshots etc. using dmeventd or progress polling...
         Starting Monitoring of LVM2 mirrors... dmeventd or progress polling...
[   22.918567] systemd[1]: Starting Nameserver information manager...
         Starting Nameserver information manager...
[   22.941512] systemd[1]: Mounting Huge Pages File System...
         Mounting Huge Pages File System...
[   22.958166] systemd[1]: Mounted Huge Pages File System.
[[0;32m  OK  [0m] Mounted Huge Pages File System.
[   22.973929] systemd[1]: Mounted POSIX Message Queue File System.
[[0;32m  OK  [0m] Mounted POSIX Message Queue File System.
[   22.989522] systemd[1]: Mounted Debug File System.
[   22.995879] iscsi: registered transport (iser)
[[0;32m  OK  [0m] Mounted Debug File System.
[   23.004012] systemd[1]: Started Journal Service.
[[0;32m  OK  [0m] Started Journal Service.
[[0;32m  OK  [0m] Started Load Kernel Modules.
[[0;32m  OK  [0m] Started Uncomplicated firewall.
[[0;32m  OK  [0m] Started File System Check on Root Device.
[[0;32m  OK  [0m] Started Set console keymap.
[[0;32m  OK  [0m] Started Create list of required sta...ce nodes for the current kernel.
[[0;32m  OK  [0m] Started Nameserver information manager.
[[0;32m  OK  [0m] Started File System Check Daemon to report status.
[[0;32m  OK  [0m] Started LVM2 metadata daemon.
         Starting Create Static Device Nodes in /dev...
         [   23.119178] EXT4-fs (sda1): re-mounted. Opts: (null)
Starting Remount Root and Kernel File Systems...
         Starting Apply Kernel Variables...
         Mounting FUSE Control File System...
[[0;32m  OK  [0m] Mounted FUSE Control File System.
[[0;32m  OK  [0m] Started Create Static Device Nodes in /dev.
[[0;32m  OK  [0m] Started Remount Root and Kernel File Systems.
[[0;32m  OK  [0m] Started Apply Kernel Variables.
         Starting udev Coldplug all Devices...
         Starting Load/Save Random Seed...
         Starting Flush Journal to Persistent Storage...
         Starting udev Kernel Device Manager...
[[0;32m  OK  [0m] Started Monitoring of LVM2 mirrors,...ng dmeventd or progress polling.
[[0;32m  OK  [0m] Started Load/Save Random Seed.
[[0;32m  OK  [0m] Reached target Local File Systems (Pre).
[[0;32m  OK  [0m] Reached target Local File Systems.
         Starting Initial cloud-init job (pre-networking)...
         Starting LSB: AppArmor initialization...
         Starting Tell Plymouth To Write Out Runtime Data...
         Starting Set console font and keymap...
         Starting Commit a transient machine-id on disk...
[[0;32m  OK  [0m] Started udev Kernel Device Manager.
[[0;32m  OK  [0m] Started Tell Plymouth To Write Out Runtime Data.
[[0;32m  OK  [0m] Started Commit a transient machine-id on disk.
[[0;32m  OK  [0m] Started Flush Journal to Persistent Storage.
         Starting Create Volatile Files and Directories...
[[0;32m  OK  [0m] Started udev Coldplug all Devices.
[[0;32m  OK  [0m] Started Dispatch Password Requests to Console Directory Watch.
[[0;32m  OK  [0m] Started Create Volatile Files and Directories.
[[0;32m  OK  [0m] Found device /dev/ttyS0.
         Starting Update UTMP about System Boot/Shutdown...
[[0;32m  OK  [0m] Listening on Load/Save RF Kill Switch Status /dev/rfkill Watch.
[[0;32m  OK  [0m] Started Update UTMP about System Boot/Shutdown.
[[0;32m  OK  [0m] Started LSB: AppArmor initialization.
[   25.196876] cloud-init[469]: Cloud-init v. 21.1-19-gbad84ad4-0ubuntu1~16.04.2 running 'init-local' at Mon, 05 Jun 2023 13:32:23 +0000. Up 24.78 seconds.
         Starting Load AppArmor profiles managed internally by snapd...
[[0;32m  OK  [0m] Started Initial cloud-init job (pre-networking).
[[0;32m  OK  [0m] Started Load AppArmor profiles managed internally by snapd.
[[0;32m  OK  [0m] Reached target Network (Pre).
         Starting Raise network interfaces...
[[0;32m  OK  [0m] Started Set console font and keymap.
[[0;32m  OK  [0m] Created slice system-getty.slice.
[[0;32m  OK  [0m] Started Raise network interfaces.
[[0;32m  OK  [0m] Reached target Network.
         Starting Initial cloud-init job (metadata service crawler)...
[   27.709942] cloud-init[942]: Cloud-init v. 21.1-19-gbad84ad4-0ubuntu1~16.04.2 running 'init' at Mon, 05 Jun 2023 13:32:25 +0000. Up 27.03 seconds.
[   27.723758] cloud-init[942]: ci-info: ++++++++++++++++++++++++++++++++++++++Net device info++++++++++++++++++++++++++++++++++++++
[   27.737728] cloud-init[942]: ci-info: +--------+------+----------------------------+---------------+--------+-------------------+
[   27.748946] cloud-init[942]: ci-info: | Device |  Up  |          Address           |      Mask     | Scope  |     Hw-Address    |
[   27.761571] cloud-init[942]: ci-info: +--------+------+----------------------------+---------------+--------+-------------------+[[0;32m  OK  [0m] Started Initial cloud-init job (metadata service crawler).
[[0;32m  OK  [0m] Reached target Cloud-config availability.
[[0;32m  OK  [0m] Reached target Network is Online.

[   27.779689] cloud-init[942]: ci-info: | enp0s3 | True |         10.0.2.15          | 255.255.255.0 | global | 02:be:82:6b:cc:1d |
[   27.789159] cloud-init[942]: ci-info: | enp0s3 | True | fe80::be:82ff:fe6b:cc1d/64 |       .       |  link  | 02:be:82:6b:cc:1d |         Starting iSCSI initiator daemon (iscsid)...
[[0;32m  OK  [0m] Reached target System Initialization.
[[0;32m  OK  [0m] Listening on ACPID Listen Socket.
[[0;32m  OK  [0m] Started Ubuntu Advantage update messaging.

[   27.807288] cloud-init[942]: ci-info: |   lo   | True |         127.0.0.1          |   255.0.0.0   |  host  |         .         |
[   27.817288] cloud-init[942]: ci-info: |   lo   | True |          ::1/128           |       .       |  host  |         .         |
         Starting LXD - unix socket.
[[0;32m  OK  [0m] Started Daily apt download activities.
[[0;32m  OK  [0m] Started Daily apt upgrade and clean activities.
[[0;32m  OK  [0m] Started Message of the Day.
         Starting Socket activation for snappy daemon.
[   27.829839] cloud-init[942]: [[0;32m  OK  [0m] Started ACPI Events Check.
[[0;32m  OK  [0m] Reached target Paths.
[[0;32m  OK  [0m] Started Daily Cleanup of Temporary Directories.
[[0;32m  OK  [0m] Reached target Timers.
[[0;32m  OK  [0m] Listening on UUID daemon activation socket.
[[0;32m  OK  [0m] Listening on D-Bus System Message Bus Socket.
[[0;32m  OK  [0m] Listening on LXD - unix socket.
[[0;32m  OK  [0m] Listening on Socket activation for snappy daemon.
[[0;32m  OK  [0m] Reached target Sockets.
[[0;32m  OK  [0m] Reached target Basic System.
[[0;32m  OK  [0m] Started D-Bus System Message Bus.
ci-info: +--------+------+----------------------------+---------------+--------+-------------------+
[   27.885538] cloud-init[942]: ci-info: +++++++++++++++++++++++++++Route IPv4 info++++++++++++++++++++++++++++
[   27.899583] cloud-init[942]: ci-info: +-------+-------------+----------+---------------+-----------+-------+
[   27.915235] cloud-init[942]: ci-info: | Route | Destination | Gateway  |    Genmask    | Interface | Flags |
[   27.931433] cloud-init[942]: ci-info: +-------+-------------+----------+---------------+-----------+-------+
[   27.942832] cloud-init[942]: ci-info: |   0   |   0.0.0.0   | 10.0.2.2 |    0.0.0.0    |   enp0s3  |   UG  |
[   27.954565] cloud-init[942]: ci-info: |   1   |   10.0.2.0  | 0.0.0.0  | 255.255.255.0 |   enp0s3  |   U   |
[   27.964519] [[0;32m  OK  [0m] Started Regular background program processing daemon.
cloud-init         Starting LXD - container startup/shutdown...
[942]:          Starting Pollinate to seed the pseudo random number generator...
         Starting System Logging Service...
         Starting Snap Daemon...
ci-info: +-------+-------------+----------+---------------+-----------+-------+[[0;32m  OK  [0m] Started ACPI event daemon.
         Starting LSB: MD monitoring daemon...
         Starting Virtualbox guest utils...
         Starting /etc/rc.local Compatibility...
[[0;32m  OK  [0m] Started FUSE filesystem for LXC.
[[0;32m  OK  [0m] Started Deferred execution scheduler.
         Starting Accounts Service...
         Starting Login Service...
         Starting LSB: Record successful boot for GRUB...
[[0;32m  OK  [0m] Started iSCSI initiator daemon (iscsid).
         Starting Login to default iSCSI targets...

[   28.067091] [[0;32m  OK  [0m] Started /etc/rc.local Compatibility.
cloud-init[942]: ci-info: +++++++++++++++++++Route IPv6 info+++++++++++++++++++
[[0;32m  OK  [0m] Started System Logging Service.
[   28.099144] cloud-init[[0;32m  OK  [0m] Started Login to default iSCSI targets.
[[0;32m  OK  [0m] Reached target Remote File Systems (Pre).
[[0;32m  OK  [0m] Reached target Remote File Systems.
         Starting LSB: daemon to balance interrupts for SMP systems...
         Starting LSB: automatic crash report generation...
         Starting LSB: Set the CPU Frequency Scaling governor to "ondemand"...
         Starting Permit User Sessions...
[942]: ci-info: +-------+-------------+---------+-----------+-------+[[0;32m  OK  [0m] Started Login Service.
[[0;32m  OK  [0m] Started Permit User Sessions.

         Starting Terminate Plymouth Boot Screen...
         Starting Hold until boot process finishes up...
[[0;32m  OK  [0m] Started Unattended Upgrades Shutdown.
[[0;32m  OK  [0m] Started LSB: MD monitoring daemon.
[   28.276339] cloud-init[[0;32m  OK  [0m] Started Hold until boot process finishes up.
[[0;32m  OK  [0m] Started Getty on tty1.
         Starting Set console scheme...
[[0;32m  OK  [0m] Started Serial Getty on ttyS0.
[942]: [[0;32m  OK  [0m] Reached target Login Prompts.
ci-info: | Route | Destination | Gateway | Interface | Flags |
[   28.307899] [[0;32m  OK  [0m] Started Terminate Plymouth Boot Screen.
[[0;32m  OK  [0m] Started LSB: Record successful boot for GRUB.
[[0;32m  OK  [0m] Started LSB: Set the CPU Frequency Scaling governor to "ondemand".
cloud-init[942]: ci-info: +-------+-------------+---------+-----------+-------+
[   28.360452] cloud-init[942]: ci-info: |   0   |  fe80::/64  |    ::   |   enp0s3  |   U   |
         Starting Authenticate and Authorize Users to Run Privileged Tasks...
[[0;32m  OK  [0m] Started Set console scheme.
[   28.367410] cloud-init[942]: ci-info: |   3   |   ff00::/8  |    ::   |   enp0s3  |   U   |
[   28.408332] cloud-init[942]: ci-info: +-------+-------------+---------+-----------+-------+
[[0;32m  OK  [0m] Started LSB: daemon to balance interrupts for SMP systems.
[   28.453687] cloud-init[942]: Generating public/private rsa key pair.
[   28.468283] cloud-init[942]: Your identification has been saved in /etc/ssh/ssh_host_rsa_key.
[   28.503249] cloud-init[942]: Your public key has been saved in /etc/ssh/ssh_host_rsa_key.pub.
[[0;32m  OK  [0m] Started LXD - container startup/shutdown.
[[0;32m  OK  [0m] Started LSB: automatic crash report generation.
[   28.524721] cloud-init[942]: The key fingerprint is:
[   28.539193] cloud-init[942]: SHA256:Zb5tqhFv6OWx/xxl+UlX1ld0+DVefuJ3wk/p+zgsqD0 root@ubuntu-xenial
[   28.562881] [[0;32m  OK  [0m] Started Authenticate and Authorize Users to Run Privileged Tasks.
cloud-init[942]: The key's randomart image is:
[   28.572810] cloud-init[942]: +---[RSA 2048]----+
[[0;32m  OK  [0m] Started Accounts Service.
[   28.588499] cloud-init[942]: |               o+|
[   28.611250] cloud-init[942]: |              ..*|
[   28.626987] cloud-init[942]: |          o   .oO|
[   28.653008] cloud-init[942]: |         +    .oB|
[[0;32m  OK  [0m] Started Virtualbox guest utils.
[   28.680842] cloud-init[942]: |        S .  o +*|
[   28.710866] cloud-init[942]: |         + o  =+B|
[   28.717171] cloud-init[942]: |        o *.o.o*o|
[   28.722556] cloud-init[942]: |       . *E=..o+.|
[   28.730440] cloud-init[942]: |        +o=o.o+o+|
[   28.738686] cloud-init[942]: +----[SHA256]-----+
[   28.754416] cloud-init[942]: Generating public/private dsa key pair.
[   28.771284] cloud-init[942]: Your identification has been saved in /etc/ssh/ssh_host_dsa_key.
[   28.784773] cloud-init[942]: Your public key has been saved in /etc/ssh/ssh_host_dsa_key.pub.
[   28.795727] cloud-init[942]: The key fingerprint is:
[   28.803303] cloud-init[942]: SHA256:RbUnDxw7ZFova9K0OkFtgtk/dSYNE6eZZ0Txbb0PCN8 root@ubuntu-xenial
[   28.812600] cloud-init[942]: The key's randomart image is:
[   28.836855] cloud-init[942]: +---[DSA 1024]----+
[   28.848410] cloud-init[942]: |          ..* ++=|
[   28.870019] cloud-init[942]: |         = B = X+|
[   28.885711] cloud-init[942]: |        o B % O @|
[   28.900060] cloud-init[942]: |         o O & B.|
[   28.916867] cloud-init[942]: |        S o X E. |
[   28.927304] cloud-init[942]: |           = . ..|
[   28.938819] cloud-init[942]: |          o     .|
[   28.948637] cloud-init[942]: |           .     |
[   28.957406] cloud-init[942]: |                 |
[   28.965618] cloud-init[942]: +----[SHA256]-----+
[   28.976933] cloud-init[942]: [[0;32m  OK  [0m] Started Snap Daemon.
Generating public/private ecdsa key pair.
[   28.990175] cloud-init[942]: Your identification has been saved in /etc/ssh/ssh_host_ecdsa_key.
[   29.005787] cloud-init         Starting Wait until snapd is fully seeded...
[942]: Your public key has been saved in /etc/ssh/ssh_host_ecdsa_key.pub.
[   29.021063] cloud-init[942]: The key fingerprint is:
[   29.039911] cloud-init[942]: SHA256:g7jC4OILuVAyBgQO/F5vRu+io377bvwtCfrB3NH9L3I root@ubuntu-xenial[[0;32m  OK  [0m] Started Pollinate to seed the pseudo random number generator.

[   29.066014] cloud-init[942]: The key's randomart image is:
[   29.079150] cloud-init[942]:          Starting OpenBSD Secure Shell server...
+---[ECDSA 256]---+
[   29.100613] cloud-init[942]: |=.               |
[   29.127063] cloud-init[942]: |+.               |[[0;32m  OK  [0m] Started Wait until snapd is fully seeded.
         Starting Apply the settings specified in cloud-config...
[[0;32m  OK  [0m] Started OpenBSD Secure Shell server.
[[0;32m  OK  [0m] Reached target Multi-User System.
[[0;32m  OK  [0m] Reached target Graphical Interface.
         Starting Update UTMP about System Runlevel Changes...

[   29.156840] [[0;32m  OK  [0m] Started Update UTMP about System Runlevel Changes.
cloud-init[942]: |...              |
[   29.168700] cloud-init[942]: |.  . o o  . .    |
[   29.177164] cloud-init[942]: |+.o o + S. . .   |
[   29.187713] cloud-init[942]: |oB . .o=.o.   .  |
[   29.200578] cloud-init[942]: |=.o . =+o..    . |
[   29.210369] cloud-init[942]: |=. . + +.+. . E .|
[   29.221488] cloud-init[942]: |.oooooO+o... o ..|
[   29.230749] cloud-init[942]: +----[SHA256]-----+
[   29.243597] cloud-init[942]: Generating public/private ed25519 key pair.
[   29.261079] cloud-init[942]: Your identification has been saved in /etc/ssh/ssh_host_ed25519_key.
[   29.278764] cloud-init[942]: Your public key has been saved in /etc/ssh/ssh_host_ed25519_key.pub.
[   29.295324] cloud-init[942]: The key fingerprint is:
[   29.308964] cloud-init[942]: SHA256:PAfKN2pKpf8E1qWzZ5Fi/sUjcm8RFHFZECOXv1KQ/6o root@ubuntu-xenial
[   29.325928] cloud-init[942]: The key's randomart image is:
[   29.338804] cloud-init[942]: +--[ED25519 256]--+
[   29.351326] cloud-init[942]: |            +oB*.|
[   29.364095] cloud-init[942]: |            .*o. |
[   29.377490] cloud-init[942]: |        . ..  o. |
[   29.389312] cloud-init[942]: |     . + + ..  o.|
[   29.400180] cloud-init[942]: |      * S +  .. o|
[   29.415470] cloud-init[942]: |     + * B o.. ..|
[   29.429424] cloud-init[942]: |    o o = = +... |
[   29.446897] cloud-init[942]: |   . + . * +...  |
[   29.460841] cloud-init[942]: |    . ... ..E.   |
[   29.477224] cloud-init[942]: +----[SHA256]-----+
[   29.834042] cloud-init[1291]: Generating locales (this might take a while)...
[   30.970929] cloud-init[1291]:   en_US.UTF-8... done
[   30.982961] cloud-init[1291]: Generation complete.
[   31.433598] cloud-init[1291]: Cloud-init v. 21.1-19-gbad84ad4-0ubuntu1~16.04.2 running 'modules:config' at Mon, 05 Jun 2023 13:32:28 +0000. Up 29.71 seconds.
[[0;32m  OK  [0m] Started Apply the settings specified in cloud-config.
         Starting Execute cloud user/final scripts...
ci-info: no authorized SSH keys fingerprints found for user ubuntu.
<14>Jun  5 13:32:30 ec2: 
<14>Jun  5 13:32:30 ec2: #############################################################
<14>Jun  5 13:32:30 ec2: -----BEGIN SSH HOST KEY FINGERPRINTS-----
<14>Jun  5 13:32:30 ec2: 1024 SHA256:RbUnDxw7ZFova9K0OkFtgtk/dSYNE6eZZ0Txbb0PCN8 root@ubuntu-xenial (DSA)
<14>Jun  5 13:32:30 ec2: 256 SHA256:g7jC4OILuVAyBgQO/F5vRu+io377bvwtCfrB3NH9L3I root@ubuntu-xenial (ECDSA)
<14>Jun  5 13:32:30 ec2: 256 SHA256:PAfKN2pKpf8E1qWzZ5Fi/sUjcm8RFHFZECOXv1KQ/6o root@ubuntu-xenial (ED25519)
<14>Jun  5 13:32:30 ec2: 2048 SHA256:Zb5tqhFv6OWx/xxl+UlX1ld0+DVefuJ3wk/p+zgsqD0 root@ubuntu-xenial (RSA)
<14>Jun  5 13:32:30 ec2: -----END SSH HOST KEY FINGERPRINTS-----
<14>Jun  5 13:32:30 ec2: #############################################################
-----BEGIN SSH HOST KEY KEYS-----
ecdsa-sha2-nistp256 AAAAE2VjZHNhLXNoYTItbmlzdHAyNTYAAAAIbmlzdHAyNTYAAABBBBbd58weErUlwvlyp9RT6arHGijPVNBysXmRqZnfUAwmRRt1i4xWJlsZCm2qoikB7+MGs7S4MwE/NJFaRPWtF3c= root@ubuntu-xenial
ssh-ed25519 AAAAC3NzaC1lZDI1NTE5AAAAIPSYPiSeCv6RByhqU6yGvjBAUW5r0bBgsBYBA1xjcslr root@ubuntu-xenial
ssh-rsa AAAAB3NzaC1yc2EAAAADAQABAAABAQChYRip44dYoCaYMvxLZSyOjLKq40SG0jT2EpHYRwVFkyFvjqMQT6zdiduu5IOfRxmOpuvylpx/ZPyDubMKTOr4fEwmC3QGt1lW7H6fY9OWGFmzsp4PvfcsslK4tqhEDuELye3jQTDMznVD0A+aNGvbQLZtjz2VBnXzE75kBesoDEg/iCsB1nOFEIlUgd6FYEKqVRudteSPoIQSq0F5Y4lb2PYaAKniDajvnmquH28Ek4uy1k0RwMI794y8FaM6v3HcKs9WO8tptFG6sTmD2TPNSVKbU8HbjmboAxaOo7/woHxQSSSIINixJqppgA9dBamdxoJEqOxSVsApqXvGOSRV root@ubuntu-xenial
-----END SSH HOST KEY KEYS-----
[   32.193751] cloud-init[1339]: Cloud-init v. 21.1-19-gbad84ad4-0ubuntu1~16.04.2 running 'modules:final' at Mon, 05 Jun 2023 13:32:30 +0000. Up 31.85 seconds.
[   32.206488] cloud-init[1339]: ci-info: no authorized SSH keys fingerprints found for user ubuntu.
[   32.215205] cloud-init[1339]: Cloud-init v. 21.1-19-gbad84ad4-0ubuntu1~16.04.2 finished at Mon, 05 Jun 2023 13:32:30 +0000. Datasource DataSourceNoCloud [seed=/dev/sdb][dsmode=net].  Up 32.17 seconds
[[0;32m  OK  [0m] Started Execute cloud user/final scripts.
[[0;32m  OK  [0m] Reached target Cloud-init target.

Ubuntu 16.04.7 LTS ubuntu-xenial ttyS0

ubuntu-xenial login: 