[    0.000000] Initializing cgroup subsys cpuset
[    0.000000] Initializing cgroup subsys cpu
[    0.000000] Initializing cgroup subsys cpuacct
[    0.000000] Linux version 4.4.0-210-generic (buildd@lgw01-amd64-009) (gcc version 5.4.0 20160609 (Ubuntu 5.4.0-6ubuntu1~16.04.12) ) #242-Ubuntu SMP Fri Apr 16 09:57:56 UTC 2021 (Ubuntu 4.4.0-210.242-generic 4.4.262)
[    0.000000] Command line: BOOT_IMAGE=/boot/vmlinuz-4.4.0-210-generic root=LABEL=cloudimg-rootfs ro console=tty1 console=ttyS0
[    0.000000] KERNEL supported cpus:
[    0.000000]   Intel GenuineIntel
[    0.000000]   AMD AuthenticAMD
[    0.000000]   Centaur CentaurHauls
[    0.000000] x86/fpu: Legacy x87 FPU detected.
[    0.000000] e820: BIOS-provided physical RAM map:
[    0.000000] BIOS-e820: [mem 0x0000000000000000-0x000000000009fbff] usable
[    0.000000] BIOS-e820: [mem 0x000000000009fc00-0x000000000009ffff] reserved
[    0.000000] BIOS-e820: [mem 0x00000000000f0000-0x00000000000fffff] reserved
[    0.000000] BIOS-e820: [mem 0x0000000000100000-0x000000003ffeffff] usable
[    0.000000] BIOS-e820: [mem 0x000000003fff0000-0x000000003fffffff] ACPI data
[    0.000000] BIOS-e820: [mem 0x00000000fec00000-0x00000000fec00fff] reserved
[    0.000000] BIOS-e820: [mem 0x00000000fee00000-0x00000000fee00fff] reserved
[    0.000000] BIOS-e820: [mem 0x00000000fffc0000-0x00000000ffffffff] reserved
[    0.000000] NX (Execute Disable) protection: active
[    0.000000] SMBIOS 2.5 present.
[    0.000000] Hypervisor detected: KVM
[    0.000000] Kernel/User page tables isolation: disabled
[    0.000000] e820: last_pfn = 0x3fff0 max_arch_pfn = 0x400000000
[    0.000000] MTRR: Disabled
[    0.000000] x86/PAT: MTRRs disabled, skipping PAT initialization too.
[    0.000000] CPU MTRRs all blank - virtualized system.
[    0.000000] x86/PAT: Configuration [0-7]: WB  WT  UC- UC  WB  WT  UC- UC  
[    0.000000] found SMP MP-table at [mem 0x0009fff0-0x0009ffff] mapped at [ffff88000009fff0]
[    0.000000] Scanning 1 areas for low memory corruption
[    0.000000] RAMDISK: [mem 0x362dc000-0x37165fff]
[    0.000000] ACPI: Early table checksum verification disabled
[    0.000000] ACPI: RSDP 0x00000000000E0000 000024 (v02 VBOX  )
[    0.000000] ACPI: XSDT 0x000000003FFF0030 00003C (v01 VBOX   VBOXXSDT 00000001 ASL  00000061)
[    0.000000] ACPI: FACP 0x000000003FFF00F0 0000F4 (v04 VBOX   VBOXFACP 00000001 ASL  00000061)
[    0.000000] ACPI: DSDT 0x000000003FFF0610 002353 (v02 VBOX   VBOXBIOS 00000002 INTL 20100528)
[    0.000000] ACPI: FACS 0x000000003FFF0200 000040
[    0.000000] ACPI: FACS 0x000000003FFF0200 000040
[    0.000000] ACPI: APIC 0x000000003FFF0240 00005C (v02 VBOX   VBOXAPIC 00000001 ASL  00000061)
[    0.000000] ACPI: SSDT 0x000000003FFF02A0 00036C (v01 VBOX   VBOXCPUT 00000002 INTL 20100528)
[    0.000000] No NUMA configuration found
[    0.000000] Faking a node at [mem 0x0000000000000000-0x000000003ffeffff]
[    0.000000] NODE_DATA(0) allocated [mem 0x3ffeb000-0x3ffeffff]
[    0.000000] kvm-clock: Using msrs 4b564d01 and 4b564d00
[    0.000000] kvm-clock: cpu 0, msr 0:3ffe3001, primary cpu clock
[    0.000000] kvm-clock: using sched offset of 3396134833 cycles
[    0.000000] clocksource: kvm-clock: mask: 0xffffffffffffffff max_cycles: 0x1cd42e4dffb, max_idle_ns: 881590591483 ns
[    0.000000] Zone ranges:
[    0.000000]   DMA      [mem 0x0000000000001000-0x0000000000ffffff]
[    0.000000]   DMA32    [mem 0x0000000001000000-0x000000003ffeffff]
[    0.000000]   Normal   empty
[    0.000000]   Device   empty
[    0.000000] Movable zone start for each node
[    0.000000] Early memory node ranges
[    0.000000]   node   0: [mem 0x0000000000001000-0x000000000009efff]
[    0.000000]   node   0: [mem 0x0000000000100000-0x000000003ffeffff]
[    0.000000] Initmem setup node 0 [mem 0x0000000000001000-0x000000003ffeffff]
[    0.000000] ACPI: PM-Timer IO Port: 0x4008
[    0.000000] IOAPIC[0]: apic_id 2, version 32, address 0xfec00000, GSI 0-23
[    0.000000] ACPI: INT_SRC_OVR (bus 0 bus_irq 0 global_irq 2 dfl dfl)
[    0.000000] ACPI: INT_SRC_OVR (bus 0 bus_irq 9 global_irq 9 low level)
[    0.000000] Using ACPI (MADT) for SMP configuration information
[    0.000000] smpboot: Allowing 2 CPUs, 0 hotplug CPUs
[    0.000000] PM: Registered nosave memory: [mem 0x00000000-0x00000fff]
[    0.000000] PM: Registered nosave memory: [mem 0x0009f000-0x0009ffff]
[    0.000000] PM: Registered nosave memory: [mem 0x000a0000-0x000effff]
[    0.000000] PM: Registered nosave memory: [mem 0x000f0000-0x000fffff]
[    0.000000] e820: [mem 0x40000000-0xfebfffff] available for PCI devices
[    0.000000] Booting paravirtualized kernel on KVM
[    0.000000] clocksource: refined-jiffies: mask: 0xffffffff max_cycles: 0xffffffff, max_idle_ns: 7645519600211568 ns
[    0.000000] setup_percpu: NR_CPUS:512 nr_cpumask_bits:512 nr_cpu_ids:2 nr_node_ids:1
[    0.000000] PERCPU: Embedded 33 pages/cpu @ffff88003fc00000 s95192 r8192 d31784 u1048576
[    0.000000] Built 1 zonelists in Node order, mobility grouping on.  Total pages: 257912
[    0.000000] Policy zone: DMA32
[    0.000000] Kernel command line: BOOT_IMAGE=/boot/vmlinuz-4.4.0-210-generic root=LABEL=cloudimg-rootfs ro console=tty1 console=ttyS0
[    0.000000] PID hash table entries: 4096 (order: 3, 32768 bytes)
[    0.000000] Memory: 997792K/1048120K available (8644K kernel code, 1332K rwdata, 4044K rodata, 1492K init, 1164K bss, 50328K reserved, 0K cma-reserved)
[    0.000000] SLUB: HWalign=64, Order=0-3, MinObjects=0, CPUs=2, Nodes=1
[    0.000000] Hierarchical RCU implementation.
[    0.000000] 	Build-time adjustment of leaf fanout to 64.
[    0.000000] 	RCU restricting CPUs from NR_CPUS=512 to nr_cpu_ids=2.
[    0.000000] RCU: Adjusting geometry for rcu_fanout_leaf=64, nr_cpu_ids=2
[    0.000000] NR_IRQS:33024 nr_irqs:440 16
[    0.000000] Console: colour VGA+ 80x25
[    0.000000] console [tty1] enabled
[    0.000000] console [ttyS0] enabled
[    0.000000] tsc: Detected 2112.006 MHz processor
[    0.500967] Calibrating delay loop (skipped) preset value.. 4224.01 BogoMIPS (lpj=8448024)
[    0.508570] pid_max: default: 32768 minimum: 301
[    0.512618] ACPI: Core revision 20150930
[    0.517312] ACPI: 2 ACPI AML tables successfully acquired and loaded
[    0.527398] Security Framework initialized
[    0.531267] Yama: becoming mindful.
[    0.534721] AppArmor: AppArmor initialized
[    0.538645] Dentry cache hash table entries: 131072 (order: 8, 1048576 bytes)
[    0.549594] Inode-cache hash table entries: 65536 (order: 7, 524288 bytes)
[    0.557254] Mount-cache hash table entries: 2048 (order: 2, 16384 bytes)
[    0.563083] Mountpoint-cache hash table entries: 2048 (order: 2, 16384 bytes)
[    0.573247] Initializing cgroup subsys io
[    0.577034] Initializing cgroup subsys memory
[    0.581093] Initializing cgroup subsys devices
[    0.585190] Initializing cgroup subsys freezer
[    0.589510] Initializing cgroup subsys net_cls
[    0.593602] Initializing cgroup subsys perf_event
[    0.597964] Initializing cgroup subsys net_prio
[    0.602984] Initializing cgroup subsys hugetlb
[    0.609738] Initializing cgroup subsys pids
[    0.627072] mce: CPU supports 0 MCE banks
[    0.632652] Last level iTLB entries: 4KB 64, 2MB 8, 4MB 8
[    0.637345] Last level dTLB entries: 4KB 64, 2MB 0, 4MB 0, 1GB 4
[    0.643012] Spectre V1 : Mitigation: usercopy/swapgs barriers and __user pointer sanitization
[    0.655681] Spectre V2 : Mitigation: Enhanced IBRS
[    0.659866] Spectre V2 : Spectre v2 / SpectreRSB mitigation: Filling RSB on context switch
[    0.667278] Speculative Store Bypass: Vulnerable
[    0.671492] SRBDS: Mitigation: TSX disabled
[    0.729616] Freeing SMP alternatives memory: 36K
[    0.847497] ftrace: allocating 32380 entries in 127 pages
[    1.605619] smpboot: APIC(0) Converting physical 0 to logical package 0
[    1.610824] smpboot: Max logical packages: 1
[    1.626919] ..TIMER: vector=0x30 apic1=0 pin1=2 apic2=-1 pin2=-1
[    1.740403] smpboot: CPU0: Intel(R) Core(TM) i7-8665U CPU @ 1.90GHz (family: 0x6, model: 0x8e, stepping: 0xc)
[    1.749582] Performance Events: unsupported p6 CPU model 142 no PMU driver, software events only.
[    1.885339] KVM setup paravirtual spinlock
[    1.891578] x86: Booting SMP configuration:
[    1.895427] .... node  #0, CPUs:      #1
[    1.900740] kvm-clock: cpu 1, msr 0:3ffe3041, secondary cpu clock
[    1.919651] mce: CPU supports 0 MCE banks
[    1.923823] TSC synchronization [CPU#0 -> CPU#1]:
[    1.928204] Measured 51400 cycles TSC warp between CPUs, turning off TSC clock.
[    1.934593] tsc: Marking TSC unstable due to check_tsc_sync_source failed
[    0.630606] x86: Booted up 1 node, 2 CPUs
[    0.632007] smpboot: Total of 2 processors activated (8448.02 BogoMIPS)
[    0.640610] devtmpfs: initialized
[    0.648365] evm: security.selinux
[    0.652006] evm: security.SMACK64
[    0.655333] evm: security.SMACK64EXEC
[    0.656005] evm: security.SMACK64TRANSMUTE
[    0.660007] evm: security.SMACK64MMAP
[    0.664005] evm: security.ima
[    0.668004] evm: security.capability
[    0.672264] clocksource: jiffies: mask: 0xffffffff max_cycles: 0xffffffff, max_idle_ns: 7645041785100000 ns
[    0.676018] futex hash table entries: 512 (order: 3, 32768 bytes)
[    0.680401] pinctrl core: initialized pinctrl subsystem
[    0.684447] RTC time: 15:02:00, date: 06/10/23
[    0.692699] NET: Registered protocol family 16
[    0.708015] cpuidle: using governor ladder
[    0.724018] cpuidle: using governor menu
[    0.728014] PCCT header not found.
[    0.732149] ACPI: bus type PCI registered
[    0.736007] acpiphp: ACPI Hot Plug PCI Controller Driver version: 0.5
[    0.740492] PCI: Using configuration type 1 for base access
[    0.760513] ACPI: Added _OSI(Module Device)
[    0.764003] ACPI: Added _OSI(Processor Device)
[    0.768002] ACPI: Added _OSI(3.0 _SCP Extensions)
[    0.772003] ACPI: Added _OSI(Processor Aggregator Device)
[    0.777622] ACPI: Executed 1 blocks of module-level executable AML code
[    0.788709] ACPI: Interpreter enabled
[    0.792011] ACPI: (supports S0 S5)
[    0.795165] ACPI: Using IOAPIC for interrupt routing
[    0.796351] PCI: Using host bridge windows from ACPI; if necessary, use "pci=nocrs" and report a bug
[    0.808887] ACPI: PCI Root Bridge [PCI0] (domain 0000 [bus 00-ff])
[    0.812007] acpi PNP0A03:00: _OSC: OS supports [ASPM ClockPM Segments MSI]
[    0.816667] acpi PNP0A03:00: _OSC: not requesting OS control; OS requires [ExtendedConfig ASPM ClockPM MSI]
[    0.820010] acpi PNP0A03:00: fail to add MMCONFIG information, can't access extended PCI configuration space under this bridge.
[    0.824734] PCI host bridge to bus 0000:00
[    0.828004] pci_bus 0000:00: root bus resource [io  0x0000-0x0cf7 window]
[    0.832003] pci_bus 0000:00: root bus resource [io  0x0d00-0xffff window]
[    0.836003] pci_bus 0000:00: root bus resource [mem 0x000a0000-0x000bffff window]
[    0.840004] pci_bus 0000:00: root bus resource [mem 0x40000000-0xfdffffff window]
[    0.844004] pci_bus 0000:00: root bus resource [bus 00-ff]
[    0.858131] pci 0000:00:01.1: legacy IDE quirk: reg 0x10: [io  0x01f0-0x01f7]
[    0.860003] pci 0000:00:01.1: legacy IDE quirk: reg 0x14: [io  0x03f6]
[    0.864003] pci 0000:00:01.1: legacy IDE quirk: reg 0x18: [io  0x0170-0x0177]
[    0.868003] pci 0000:00:01.1: legacy IDE quirk: reg 0x1c: [io  0x0376]
[    0.893849] pci 0000:00:07.0: quirk: [io  0x4000-0x403f] claimed by PIIX4 ACPI
[    0.896040] pci 0000:00:07.0: quirk: [io  0x4100-0x410f] claimed by PIIX4 SMB
[    0.909334] ACPI: PCI Interrupt Link [LNKA] (IRQs 5 9 10 *11)
[    0.916484] ACPI: PCI Interrupt Link [LNKB] (IRQs 5 9 *10 11)
[    0.923000] ACPI: PCI Interrupt Link [LNKC] (IRQs 5 *9 10 11)
[    0.930586] ACPI: PCI Interrupt Link [LNKD] (IRQs 5 9 10 *11)
[    0.937754] ACPI: Enabled 2 GPEs in block 00 to 07
[    0.944046] vgaarb: setting as boot device: PCI:0000:00:02.0
[    0.948000] vgaarb: device added: PCI:0000:00:02.0,decodes=io+mem,owns=io+mem,locks=none
[    0.948005] vgaarb: loaded
[    0.950459] vgaarb: bridge control possible 0000:00:02.0
[    0.956359] SCSI subsystem initialized
[    0.960313] ACPI: bus type USB registered
[    0.964026] usbcore: registered new interface driver usbfs
[    0.968027] usbcore: registered new interface driver hub
[    0.972010] usbcore: registered new device driver usb
[    0.976469] PCI: Using ACPI for IRQ routing
[    0.984033] NetLabel: Initializing
[    0.987020] NetLabel:  domain hash size = 128
[    0.988002] NetLabel:  protocols = UNLABELED CIPSOv4
[    0.992013] NetLabel:  unlabeled traffic allowed by default
[    0.996130] amd_nb: Cannot enumerate AMD northbridges
[    1.000234] clocksource: Switched to clocksource kvm-clock
[    1.028800] AppArmor: AppArmor Filesystem Enabled
[    1.029002] pnp: PnP ACPI init
[    1.029002] pnp: PnP ACPI: found 3 devices
[    1.079582] clocksource: acpi_pm: mask: 0xffffff max_cycles: 0xffffff, max_idle_ns: 2085701024 ns
[    1.080415] NET: Registered protocol family 2
[    1.091770] TCP established hash table entries: 8192 (order: 4, 65536 bytes)
[    1.097846] TCP bind hash table entries: 8192 (order: 5, 131072 bytes)
[    1.101610] TCP: Hash tables configured (established 8192 bind 8192)
[    1.101610] UDP hash table entries: 512 (order: 2, 16384 bytes)
[    1.101610] UDP-Lite hash table entries: 512 (order: 2, 16384 bytes)
[    1.101610] NET: Registered protocol family 1
[    1.101610] pci 0000:00:00.0: Limiting direct PCI/PCI transfers
[    1.101610] pci 0000:00:01.0: Activating ISA DMA hang workarounds
[    1.101610] Unpacking initramfs...
[    1.228531] Freeing initrd memory: 14888K
[    1.228531] clocksource: tsc: mask: 0xffffffffffffffff max_cycles: 0x1e717e40680, max_idle_ns: 440795297614 ns
[    1.228531] platform rtc_cmos: registered platform RTC device (no PNP device found)
[    1.228531] Scanning for low memory corruption every 60 seconds
[    1.499058] audit: initializing netlink subsys (disabled)
[    1.503860] audit: type=2000 audit(1686409324.754:1): initialized
[    1.509602] Initialise system trusted keyring
[    1.514467] HugeTLB registered 2 MB page size, pre-allocated 0 pages
[    1.522481] zbud: loaded
[    1.525754] VFS: Disk quotas dquot_6.6.0
[    1.529348] VFS: Dquot-cache hash table entries: 512 (order 0, 4096 bytes)
[    1.533248] squashfs: version 4.0 (2009/01/31) Phillip Lougher
[    1.541662] fuse init (API version 7.23)
[    1.545548] Key type big_key registered
[    1.549062] Allocating IMA MOK and blacklist keyrings.
[    1.564673] Key type asymmetric registered
[    1.568048] Asymmetric key parser 'x509' registered
[    1.572253] Block layer SCSI generic (bsg) driver version 0.4 loaded (major 249)
[    1.578997] io scheduler noop registered
[    1.582524] io scheduler deadline registered (default)
[    1.586915] io scheduler cfq registered
[    1.590421] pci_hotplug: PCI Hot Plug PCI Core version: 0.5
[    1.595107] pciehp: PCI Express Hot Plug Controller Driver version: 0.4
[    1.599039] ACPI: AC Adapter [AC] (off-line)
[    1.599039] input: Power Button as /devices/LNXSYSTM:00/LNXPWRBN:00/input/input0
[    1.599039] ACPI: Power Button [PWRF]
[    1.613882] input: Sleep Button as /devices/LNXSYSTM:00/LNXSLPBN:00/input/input1
[    1.620085] ACPI: Sleep Button [SLPF]
[    1.623724] GHES: HEST is not enabled!
[    1.625195] ACPI: Battery Slot [BAT0] (battery present)
[    1.632056] Serial: 8250/16550 driver, 32 ports, IRQ sharing enabled
[    1.662864] 00:02: ttyS0 at I/O 0x3f8 (irq = 4, base_baud = 115200) is a 16550A
[    1.685336] Linux agpgart interface v0.103
[    1.700804] loop: module loaded
[    1.705974] scsi host0: ata_piix
[    1.710089] scsi host1: ata_piix
[    1.713174] ata1: PATA max UDMA/33 cmd 0x1f0 ctl 0x3f6 bmdma 0xd000 irq 14
[    1.718732] ata2: PATA max UDMA/33 cmd 0x170 ctl 0x376 bmdma 0xd008 irq 15
[    1.724721] libphy: Fixed MDIO Bus: probed
[    1.728560] tun: Universal TUN/TAP device driver, 1.6
[    1.733058] tun: (C) 1999-2004 Max Krasnyansky <maxk@qualcomm.com>
[    1.738851] PPP generic driver version 2.4.2
[    1.742782] ehci_hcd: USB 2.0 'Enhanced' Host Controller (EHCI) Driver
[    1.748149] ehci-pci: EHCI PCI platform driver
[    1.754747] ehci-platform: EHCI generic platform driver
[    1.759156] ohci_hcd: USB 1.1 'Open' Host Controller (OHCI) Driver
[    1.764253] ohci-pci: OHCI PCI platform driver
[    1.767904] ohci-platform: OHCI generic platform driver
[    1.768209] uhci_hcd: USB Universal Host Controller Interface driver
[    1.768209] i8042: PNP: PS/2 Controller [PNP0303:PS2K,PNP0f03:PS2M] at 0x60,0x64 irq 1,12
[    1.786993] serio: i8042 KBD port at 0x60,0x64 irq 1
[    1.788004] serio: i8042 AUX port at 0x60,0x64 irq 12
[    1.796719] mousedev: PS/2 mouse device common for all mice
[    1.810498] rtc_cmos rtc_cmos: rtc core: registered rtc_cmos as rtc0
[    1.816351] input: AT Translated Set 2 keyboard as /devices/platform/i8042/serio0/input/input2
[    1.824817] rtc_cmos rtc_cmos: alarms up to one day, 114 bytes nvram
[    1.832783] i2c /dev entries driver
[    1.838568] device-mapper: uevent: version 1.0.3
[    1.845615] device-mapper: ioctl: 4.34.0-ioctl (2015-10-28) initialised: dm-devel@redhat.com
[    1.853659] ledtrig-cpu: registered to indicate activity on CPUs
[    1.861534] NET: Registered protocol family 10
[    1.866211] NET: Registered protocol family 17
[    1.870652] Key type dns_resolver registered
[    1.875005] registered taskstats version 1
[    1.879197] Loading compiled-in X.509 certificates
[    1.884762] Loaded X.509 cert 'Build time autogenerated kernel key: cf00e047681d67edb2720680708b7d9498083038'
[    1.893417] zswap: loaded using pool lzo/zbud
[    1.954068] Key type trusted registered
[    1.964326] Key type encrypted registered
[    1.967988] AppArmor: AppArmor sha1 policy hashing enabled
[    1.973202] ima: No TPM chip found, activating TPM-bypass!
[    1.978193] ima: Allocated hash algorithm: sha1
[    1.982454] evm: HMAC attrs: 0x1
[    1.986642]   Magic number: 11:303:32
[    1.990952] rtc_cmos rtc_cmos: setting system clock to 2023-06-10 15:02:01 UTC (1686409321)
[    1.998583] BIOS EDD facility v0.16 2004-Jun-25, 0 devices found
[    2.003902] EDD information not available.
[    2.010649] Freeing unused kernel memory: 1492K
[    2.025031] Write protecting the kernel read-only data: 14336k
[    2.031419] Freeing unused kernel memory: 1584K
[    2.036006] Freeing unused kernel memory: 52K
Loading, please wait...
starting version 229
[    2.061947] random: systemd-udevd: uninitialized urandom read (16 bytes read, 9 bits of entropy available)
[    2.062129] random: udevadm: uninitialized urandom read (16 bytes read, 9 bits of entropy available)
[    2.062150] random: udevadm: uninitialized urandom read (16 bytes read, 9 bits of entropy available)
[    2.071838] random: udevadm: uninitialized urandom read (16 bytes read, 9 bits of entropy available)
[    2.071876] random: udevadm: uninitialized urandom read (16 bytes read, 9 bits of entropy available)
[    2.072156] random: udevadm: uninitialized urandom read (16 bytes read, 9 bits of entropy available)
[    2.072209] random: udevadm: uninitialized urandom read (16 bytes read, 9 bits of entropy available)
[    2.072251] random: udevadm: uninitialized urandom read (16 bytes read, 9 bits of entropy available)
[    2.072354] random: udevadm: uninitialized urandom read (16 bytes read, 9 bits of entropy available)
[    2.072398] random: udevadm: uninitialized urandom read (16 bytes read, 9 bits of entropy available)
[    2.215283] Fusion MPT base driver 3.04.20
[    2.219289] Copyright (c) 1999-2008 LSI Corporation
[    2.226744] e1000: Intel(R) PRO/1000 Network Driver - version 7.3.21-k8-NAPI
[    2.228346] e1000: Copyright (c) 1999-2006 Intel Corporation.
[    2.267424] SSE version of gcm_enc/dec engaged.
[    2.282435] Fusion MPT SPI Host driver 3.04.20
[    2.489255] input: ImExPS/2 Generic Explorer Mouse as /devices/platform/i8042/serio1/input/input4
[    2.909860] e1000 0000:00:03.0 eth0: (PCI:33MHz:32-bit) 02:be:82:6b:cc:1d
[    2.915311] e1000 0000:00:03.0 eth0: Intel(R) PRO/1000 Network Connection
[    2.922669] mptbase: ioc0: Initiating bringup
[    2.923390] e1000 0000:00:03.0 enp0s3: renamed from eth0
[    3.002216] ioc0: LSI53C1030 A0: Capabilities={Initiator}
[    3.178292] scsi host2: ioc0: LSI53C1030 A0, FwRev=00000000h, Ports=1, MaxQ=256, IRQ=20
[    3.297403] scsi 2:0:0:0: Direct-Access     VBOX     HARDDISK         1.0  PQ: 0 ANSI: 5
[    3.303298] scsi target2:0:0: Beginning Domain Validation
[    3.312686] scsi target2:0:0: Domain Validation skipping write tests
[    3.317075] scsi target2:0:0: Ending Domain Validation
[    3.320914] scsi target2:0:0: asynchronous
[    3.326057] scsi 2:0:1:0: Direct-Access     VBOX     HARDDISK         1.0  PQ: 0 ANSI: 5
[    3.331833] scsi target2:0:1: Beginning Domain Validation
[    3.341378] scsi target2:0:1: Domain Validation skipping write tests
[    3.346084] scsi target2:0:1: Ending Domain Validation
[    3.349973] scsi target2:0:1: asynchronous
[    3.374993] sd 2:0:0:0: Attached scsi generic sg0 type 0
[    3.379510] sd 2:0:0:0: [sda] 83886080 512-byte logical blocks: (42.9 GB/40.0 GiB)
[    3.385906] sd 2:0:1:0: Attached scsi generic sg1 type 0
[    3.390532] sd 2:0:1:0: [sdb] 20480 512-byte logical blocks: (10.5 MB/10.0 MiB)
[    3.399212] sd 2:0:0:0: [sda] Write Protect is off
[    3.403527] sd 2:0:0:0: [sda] Incomplete mode parameter data
[    3.407784] sd 2:0:0:0: [sda] Assuming drive cache: write through
[    3.412859] sd 2:0:1:0: [sdb] Write Protect is off
[    3.417308] sd 2:0:1:0: [sdb] Incomplete mode parameter data
[    3.421620] sd 2:0:1:0: [sdb] Assuming drive cache: write through
[    3.425827]  sda: sda1
[    3.430743] sd 2:0:0:0: [sda] Attached SCSI disk
[    3.439192] sd 2:0:1:0: [sdb] Attached SCSI disk
Begin: Loading essential drivers ... [    4.967169] md: linear personality registered for level -1
[    4.974728] md: multipath personality registered for level -4
[    4.982206] md: raid0 personality registered for level 0
[    4.998812] md: raid1 personality registered for level 1
[    5.221799] raid6: sse2x1   gen() 37846 MB/s
[    7.222249] raid6: sse2x1   xor() 117645 MB/s
[    8.221831] raid6: sse2x2   gen() 224951 MB/s
[    9.225329] raid6: sse2x2   xor() 141236 MB/s
[   11.224016] raid6: sse2x4   gen() 235866 MB/s
[   11.300087] raid6: sse2x4   xor()  8821 MB/s
[   11.304632] raid6: using algorithm sse2x4 gen() 235866 MB/s
[   11.310202] raid6: .... xor() 8821 MB/s, rmw enabled
[   11.315507] raid6: using ssse3x2 recovery algorithm
[   11.323379] xor: measuring software checksum speed
[   11.364566]    prefetch64-sse: 20923.000 MB/sec
[   11.408114]    generic_sse: 16471.000 MB/sec
[   11.412644] xor: using function: prefetch64-sse (20923.000 MB/sec)
[   11.420643] async_tx: api initialized (async)
[   11.473690] md: raid6 personality registered for level 6
[   11.479572] md: raid5 personality registered for level 5
[   11.485169] md: raid4 personality registered for level 4
[   11.515691] md: raid10 personality registered for level 10
done.
Begin: Running /scripts/init-premount ... done.
Begin: Mounting root file system ... Begin: Running /scripts/local-top ... done.
Begin: Running /scripts/local-premount ... [   11.616122] Btrfs loaded
Scanning for Btrfs filesystems
done.
Warning: fsck not present, so skipping root file system
[   11.677839] EXT4-fs (sda1): mounted filesystem with ordered data mode. Opts: (null)
done.
Begin: Running /scripts/local-bottom ... done.
Begin: Running /scripts/init-bottom ... done.
[   11.854394] systemd[1]: systemd 229 running in system mode. (+PAM +AUDIT +SELINUX +IMA +APPARMOR +SMACK +SYSVINIT +UTMP +LIBCRYPTSETUP +GCRYPT +GNUTLS +ACL +XZ -LZ4 +SECCOMP +BLKID +ELFUTILS +KMOD -IDN)
[   11.871049] systemd[1]: Detected virtualization oracle.
[   11.876458] systemd[1]: Detected architecture x86-64.

Welcome to [1mUbuntu 16.04.7 LTS[0m!

[   11.893750] systemd[1]: Set hostname to <ubuntu>.
[   11.905696] systemd[1]: Initializing machine ID from random generator.
[   11.912221] systemd[1]: Installed transient /etc/machine-id file.
[   12.143373] systemd[1]: Listening on /dev/initctl Compatibility Named Pipe.
[[0;32m  OK  [0m] Listening on /dev/initctl Compatibility Named Pipe.
[   12.158476] systemd[1]: Created slice System Slice.
[[0;32m  OK  [0m] Created slice System Slice.
[   12.170666] systemd[1]: Started Forward Password Requests to Wall Directory Watch.
[[0;32m  OK  [0m] Started Forward Password Requests to Wall Directory Watch.
[   12.186143] systemd[1]: Listening on Device-mapper event daemon FIFOs.
[[0;32m  OK  [0m] Listening on Device-mapper event daemon FIFOs.
[   12.199784] systemd[1]: Listening on Journal Socket (/dev/log).
[[0;32m  OK  [0m] Listening on Journal Socket (/dev/log).
[   12.213126] systemd[1]: Reached target Swap.
[[0;32m  OK  [0m] Reached target Swap.
[   12.224032] systemd[1]: Listening on udev Control Socket.
[[0;32m  OK  [0m] Listening on udev Control Socket.
[   12.237997] systemd[1]: Listening on Journal Audit Socket.
[[0;32m  OK  [0m] Listening on Journal Audit Socket.
[   12.251212] systemd[1]: Reached target User and Group Name Lookups.
[[0;32m  OK  [0m] Reached target User and Group Name Lookups.
[   12.265698] systemd[1]: Listening on Journal Socket.
[[0;32m  OK  [0m] Listening on Journal Socket.
[   12.292656] systemd[1]: Starting Create list of required static device nodes for the current kernel...
         Starting Create list of required st... nodes for the current kernel...
[   12.310754] systemd[1]: Starting Set console keymap...
         Starting Set console keymap...
[   12.324606] systemd[1]: Mounting Huge Pages File System...
         Mounting Huge Pages File System...
[   12.337891] systemd[1]: Started Trigger resolvconf update for networkd DNS.
[[0;32m  OK  [0m] Started Trigger resolvconf update for networkd DNS.
[   12.352817] systemd[1]: Reached target Encrypted Volumes.
[[0;32m  OK  [0m] Reached target Encrypted Volumes.
[   12.380759] systemd[1]: Starting Uncomplicated firewall...
         Starting Uncomplicated firewall...
[   12.391362] systemd[1]: Listening on fsck to fsckd communication Socket.
[[0;32m  OK  [0m] Listening on fsck to fsckd communication Socket.
[   12.402304] systemd[1]: Listening on LVM2 poll daemon socket.
[[0;32m  OK  [0m] Listening on LVM2 poll daemon socket.
[   12.411580] random: nonblocking pool is initialized
[   12.417999] systemd[1]: Mounting Debug File System...
         Mounting Debug File System...
[   12.428878] systemd[1]: Mounting POSIX Message Queue File System...
         Mounting POSIX Message Queue File System...
[   12.439566] systemd[1]: Starting Nameserver information manager...
         Starting Nameserver information manager...
[   12.449895] systemd[1]: Listening on LVM2 metadata daemon socket.
[[0;32m  OK  [0m] Listening on LVM2 metadata daemon socket.
[   12.459784] systemd[1]: Listening on udev Kernel Socket.
[[0;32m  OK  [0m] Listening on udev Kernel Socket.
[   12.468984] systemd[1]: Created slice system-serial\x2dgetty.slice.
[[0;32m  OK  [0m] Created slice system-serial\x2dgetty.slice.
[   12.479481] systemd[1]: Listening on Syslog Socket.
[[0;32m  OK  [0m] Listening on Syslog Socket.
[   12.500944] systemd[1]: Starting Journal Service...
         Starting Journal Service...
[   12.512487] systemd[1]: Starting Load Kernel Modules...
         Starting Load Kernel Modules...
[   12.521493] systemd[1]: Set up automount Arbitrary Executable File Formats File System Automount Point.
[[0;32m  OK  [0m] Set up automount Arbitrary Executab...ats File System Automount Point.
[   12.535716] systemd[1]: Starting File System Check on Root Device...
         Starting File System Check on Root Device...
[   12.550608] systemd[1]: Starting Monitoring of LVM2 mirrors, snapshots etc. using dmeventd or progress polling...
         Starting Monitoring of LVM2 mirrors... dmeventd or progress polling...
[   12.567614] systemd[1]: Created slice User and Session Slice.
[[0;32m  OK  [0m] Created slice User and Session Slice.
[   12.579134] systemd[1]: Reached target Slices.
[[0;32m  OK  [0m] Reached target Slices.
[   12.590455] systemd[1]: Reached target System Time Synchronized.
[   12.598241] Loading iSCSI transport class v2.0-870.
[[0;32m  OK  [0m] Reached target System Time Synchronized.
[   12.620751] iscsi: registered transport (tcp)
[   12.621483] systemd[1]: Mounted Huge Pages File System.
[[0;32m  OK  [0m] Mounted Huge Pages File System.
[   12.635758] systemd[1]: Mounted POSIX Message Queue File System.
[[0;32m  OK  [0m] Mounted POSIX Message Queue File System.
[   12.647302] systemd[1]: Mounted Debug File System.
[[0;32m  OK  [0m] Mounted Debug File System.
[   12.655799] systemd[1]: Started Journal Service.
[[0;32m  OK  [0m] Started Journal Service.
[[0;32m  OK  [0m] Started Create list of required sta...ce nodes for the current kernel.
[[0;32m  OK  [0m] Started Set console keymap.
[[0;32m  OK  [0m] Started Uncomplicated firewall.
[[0;32m  OK  [0m] Started File System Check on Root Device.
[[0;32m  OK  [0m] Started Nameserver information manager.
[[0;32m  OK  [0m] Started File System Check Daemon to report status.
[[0;32m  OK  [0m] Started LVM2 metadata daemon.
         Starting Remount Root and Kernel File Systems...
         Starting Create Static Device Nodes in /dev...
[   12.757807] EXT4-fs (sda1): re-mounted. Opts: (null)
[[0;32m  OK  [0m] Started Remount Root and Kernel File Systems.
         Starting Load/Save Random Seed...
         Starting udev Coldplug all Devices...
         Starting Flush Journal to Persistent Storage...
[   12.799590] iscsi: registered transport (iser)
[[0;32m  OK  [0m] Started Load/Save Random Seed.
[[0;32m  OK  [0m] Started Load Kernel Modules.
[   12.817908] systemd-journald[392]: Received request to flush runtime journal from PID 1
         Mounting FUSE Control File System...
         Starting Apply Kernel Variables...
[[0;32m  OK  [0m] Mounted FUSE Control File System.
[[0;32m  OK  [0m] Started Create Static Device Nodes in /dev.
[[0;32m  OK  [0m] Started Flush Journal to Persistent Storage.
[[0;32m  OK  [0m] Started Apply Kernel Variables.
         Starting udev Kernel Device Manager...
[[0;32m  OK  [0m] Started udev Kernel Device Manager.
[[0;32m  OK  [0m] Started udev Coldplug all Devices.
[[0;32m  OK  [0m] Started Dispatch Password Requests to Console Directory Watch.
[[0;32m  OK  [0m] Started Monitoring of LVM2 mirrors,...ng dmeventd or progress polling.
[[0;32m  OK  [0m] Reached target Local File Systems (Pre).
[[0;32m  OK  [0m] Reached target Local File Systems.
         Starting LSB: AppArmor initialization...
         Starting Initial cloud-init job (pre-networking)...
         Starting Set console font and keymap...
         Starting Create Volatile Files and Directories...
         Starting Commit a transient machine-id on disk...
         Starting Tell Plymouth To Write Out Runtime Data...
[[0;32m  OK  [0m] Started Create Volatile Files and Directories.
[[0;32m  OK  [0m] Found device /dev/ttyS0.
         Starting Update UTMP about System Boot/Shutdown...
[[0;32m  OK  [0m] Started Commit a transient machine-id on disk.
[[0;32m  OK  [0m] Started Tell Plymouth To Write Out Runtime Data.
[[0;32m  OK  [0m] Started Update UTMP about System Boot/Shutdown.
[[0;32m  OK  [0m] Listening on Load/Save RF Kill Switch Status /dev/rfkill Watch.
[[0;32m  OK  [0m] Started LSB: AppArmor initialization.
         Starting Load AppArmor profiles managed internally by snapd...
[   15.540996] cloud-init[503]: Cloud-init v. 21.1-19-gbad84ad4-0ubuntu1~16.04.2 running 'init-local' at Sat, 10 Jun 2023 15:02:14 +0000. Up 15.14 seconds.
[[0;32m  OK  [0m] Started Set console font and keymap.
[[0;32m  OK  [0m] Started Load AppArmor profiles managed internally by snapd.
[[0;32m  OK  [0m] Started Initial cloud-init job (pre-networking).
[[0;32m  OK  [0m] Reached target Network (Pre).
         Starting Raise network interfaces...
[[0;32m  OK  [0m] Created slice system-getty.slice.
[[0;32m  OK  [0m] Started Raise network interfaces.
         Starting Initial cloud-init job (metadata service crawler)...
[[0;32m  OK  [0m] Reached target Network.
[   17.067171] cloud-init[951]: Cloud-init v. 21.1-19-gbad84ad4-0ubuntu1~16.04.2 running 'init' at Sat, 10 Jun 2023 15:02:16 +0000. Up 16.56 seconds.
[   17.073309] cloud-init[951]: ci-info: ++++++++++++++++++++++++++++++++++++++Net device info++++++++++++++++++++++++++++++++++++++
[   17.078881] cloud-init[951]: ci-info: +--------+------+----------------------------+---------------+--------+-------------------+
[   17.084938] cloud-init[951]: ci-info: | Device |  Up  |          Address           |      Mask     | Scope  |     Hw-Address    |
[   17.090608] cloud-init[951]: ci-info: +--------+------+----------------------------+---------------+--------+-------------------+
[   17.096435] cloud-init[951]: ci-info: | enp0s3 | True |         10.0.2.15          | 255.255.255.0 | global | 02:be:82:6b:cc:1d |
[   17.101939] cloud-init[951]: ci-info: | enp0s3 | True | fe80::be:82ff:fe6b:cc1d/64 |       .       |  link  | 02:be:82:6b:cc:1d |
[   17.107851] cloud-init[951]: ci-info: |   lo   | True |         127.0.0.1          |   255.0.0.0   |  host  |         .         |
[   17.113788] cloud-init[951]: ci-info: |   lo   | True |          ::1/128           |       .       |  host  |         .         |
[   17.119494] cloud-init[951]: ci-info: +--------+------+----------------------------+---------------+--------+-------------------+
[   17.125348] cloud-init[951]: ci-info: +++++++++++++++++++++++++++Route IPv4 info++++++++++++++++++++++++++++
[   17.130486] cloud-init[951]: ci-info: +-------+-------------+----------+---------------+-----------+-------+
[   17.135558] cloud-init[951]: ci-info: | Route | Destination | Gateway  |    Genmask    | Interface | Flags |
[   17.140797] cloud-init[951]: ci-info: +-------+-------------+----------+---------------+-----------+-------+
[   17.146094] cloud-init[951]: ci-info: |   0   |   0.0.0.0   | 10.0.2.2 |    0.0.0.0    |   enp0s3  |   UG  |
[   17.151331] cloud-init[951]: ci-info: |   1   |   10.0.2.0  | 0.0.0.0  | 255.255.255.0 |   enp0s3  |   U   |
[   17.156489] cloud-init[951]: ci-info: +-------+-------------+----------+---------------+-----------+-------+
[   17.161777] cloud-init[951]: ci-info: +++++++++++++++++++Route IPv6 info+++++++++++++++++++
[   17.166564] cloud-init[951]: ci-info: +-------+-------------+---------+-----------+-------+
[   17.171082] cloud-init[951]: ci-info: | Route | Destination | Gateway | Interface | Flags |
[   17.175728] cloud-init[951]: ci-info: +-------+-------------+---------+-----------+-------+
[   17.180404] cloud-init[951]: ci-info: |   0   |  fe80::/64  |    ::   |   enp0s3  |   U   |
[   17.185375] cloud-init[951]: ci-info: |   3   |   ff00::/8  |    ::   |   enp0s3  |   U   |
[   17.189911] cloud-init[951]: ci-info: +-------+-------------+---------+-----------+-------+
[   17.194558] cloud-init[951]: Generating public/private rsa key pair.
[   17.198615] cloud-init[951]: Your identification has been saved in /etc/ssh/ssh_host_rsa_key.
[   17.203401] cloud-init[951]: Your public key has been saved in /etc/ssh/ssh_host_rsa_key.pub.
[   17.208424] cloud-init[951]: The key fingerprint is:
[[   17.212571] cloud-init[951]: SHA256:zji27PpSExmmOyvP4BkQcKVNaBfENtsoFigJ46nNS3g root@ubuntu-xenial
[   17.214349] cloud-init[951]: The key's randomart image is:
[   17.214417] cloud-init[951]: +---[RSA 2048]----+
[   17.214886] cloud-init[951]: |=o.==.           |
[   17.215230] cloud-init[951]: |*o=+= o          |
[   17.215627] cloud-init[951]: |o+.+.B o         |
[   17.216020] cloud-init[951]: |.=o + +          |
[   17.216900] cloud-init[951]: |+.E. . .S        |
[   17.217280] cloud-init[951]: | + .o o+         |
[   17.217673] cloud-init[951]: |  +  ++.o        |
[   17.218056] cloud-init[951]: | ..=oo o         |
[   17.218445] cloud-init[951]: |  oo+==          |
[   17.218865] cloud-init[951]: +----[SHA256]-----+
[   17.219226] cloud-init[951]: Generating public/private dsa key pair.
[   17.219626] cloud-init[951]: Your identification has been saved in /etc/ssh/ssh_host_dsa_key.
[   17.220008] cloud-init[951]: Your public key has been saved in /etc/ssh/ssh_host_dsa_key.pub.
[   17.220834] cloud-init[951]: The key fingerprint is:
[   17.221216] cloud-init[951]: SHA256:PGBD5we2Z5wN5O9R79YWkxtbeVSzIlEKNBvg2KhuLSw root@ubuntu-xenial
[   17.221631] cloud-init[951]: The key's randomart image is:
[   17.221991] cloud-init[951]: +---[DSA 1024]----+
[   17.222376] cloud-init[951]: |      ..**o... ..|
[   17.222776] cloud-init[951]: |     .=+ ==+o   +|
[   17.223159] cloud-init[951]: |     o+oo.Bo.....|
[   17.223556] cloud-init[951]: |    .. + + ....oo|
[   17.223941] cloud-init[951]: |   .    S   o  *+|
[   17.225618] cloud-init[951]: |  o .    . . . .X|
[   17.225992] cloud-init[951]: | E = .      .  o=|
[   17.226426] cloud-init[951]: |  o .          o |
[   17.226778] cloud-init[951]: |                 |
[   17.227170] cloud-init[951]: +----[SHA256]-----+
[   17.227566] cloud-init[951]: Generating public/private ecdsa key pair.
[   17.227972] cloud-init[951]: Your identification has been saved in /etc/ssh/ssh_host_ecdsa_key.
[   17.228833] cloud-init[951]: Your public key has been saved in /etc/ssh/ssh_host_ecdsa_key.pub.
[   17.229245] cloud-init[951]: The key fingerprint is:
[   17.229634] cloud-init[951]: SHA256:9lMAyUCPwEXm0fgo59gzfGbbbpi8zgf7vRr62c16Gd0 root@ubuntu-xenial
[   17.230023] cloud-init[951]: The key's randomart image is:
[   17.230423] cloud-init[951]: +---[ECDSA 256]---+
[   17.230811] cloud-init[951]: |   ..+B=..       |
[   17.231203] cloud-init[951]: |    .+.++.       |
[   17.231598] cloud-init[951]: |      oo. .      |
[   17.231985] cloud-init[951]: |    . o .  .     |
[   17.232853] cloud-init[951]: |     B  S   .  ..|
[   17.233225] cloud-init[951]: |    . *.=. .  . E|
[   17.233606] cloud-init[951]: |       B B+    o |
[   17.233993] cloud-init[951]: |       .*.+* oo  |
[   17.234392] cloud-init[951]: |       .=B*.=+o  |
[   17.234779] cloud-init[951]: +----[SHA256]-----+
[   17.235182] cloud-init[951]: Generating public/private ed25519 key pair.
[   17.235574] cloud-init[951]: Your identification has been saved in /etc/ssh/ssh_host_ed25519_key.
[   17.235962] cloud-init[951]: Your public key has been saved in /etc/ssh/ssh_host_ed25519_key.pub.
[   17.236795] cloud-init[951]: The key fingerprint is:
[   17.237207] cloud-init[951]: SHA256:zfFqrtoD6i3DolF/C+j4erzWzvQtmSTSgOOSlGT1TMA root@ubuntu-xenial
[   17.237573] cloud-init[951]: The key's randomart image is:
[   17.237960] cloud-init[951]: +--[ED25519 256]--+
[   17.238355] cloud-init[951]: |  oo..           |
[   17.238742] cloud-init[951]: | o E+            |
[   17.239135] cloud-init[951]: |o..  o    .      |
[   17.239534] cloud-init[951]: |oo.      o o     |
[   17.239922] cloud-init[951]: |oo.o    S o .    |
[   17.240786] cloud-init[951]: |oo.oo o    .     |
[   17.241180] cloud-init[951]: |o..+++.+  o      |
[   17.241594] cloud-init[951]: | +=o*=++.o       |
[   17.242043] cloud-init[951]: |+*+=+o=o+o.      |
[   17.242438] cloud-init[951]: +----[SHA256]-----+
[0;32m  OK  [0m] Started Initial cloud-init job (metadata service crawler).
[[0;32m  OK  [0m] Reached target Cloud-config availability.
[[0;32m  OK  [0m] Reached target Network is Online.
         Starting iSCSI initiator daemon (iscsid)...
[[0;32m  OK  [0m] Reached target System Initialization.
[[0;32m  OK  [0m] Listening on UUID daemon activation socket.
         Starting Socket activation for snappy daemon.
[[0;32m  OK  [0m] Started ACPI Events Check.
[[0;32m  OK  [0m] Reached target Paths.
[[0;32m  OK  [0m] Listening on ACPID Listen Socket.
[[0;32m  OK  [0m] Started Daily apt download activities.
[[0;32m  OK  [0m] Started Daily apt upgrade and clean activities.
[[0;32m  OK  [0m] Started Message of the Day.
[[0;32m  OK  [0m] Started Daily Cleanup of Temporary Directories.
         Starting LXD - unix socket.
[[0;32m  OK  [0m] Listening on D-Bus System Message Bus Socket.
[[0;32m  OK  [0m] Started Ubuntu Advantage update messaging.
[[0;32m  OK  [0m] Reached target Timers.
[[0;32m  OK  [0m] Listening on Socket activation for snappy daemon.
[[0;32m  OK  [0m] Listening on LXD - unix socket.
[[0;32m  OK  [0m] Started iSCSI initiator daemon (iscsid).
         Starting Login to default iSCSI targets...
[[0;32m  OK  [0m] Reached target Sockets.
[[0;32m  OK  [0m] Reached target Basic System.
         Starting Virtualbox guest utils...
         Starting LSB: MD monitoring daemon...
[[0;32m  OK  [0m] Started ACPI event daemon.
[[0;32m  OK  [0m] Started FUSE filesystem for LXC.
[[0;32m  OK  [0m] Started Regular background program processing daemon.
         Starting System Logging Service...
         Starting LSB: Record successful boot for GRUB...
         Starting Accounts Service...
         Starting /etc/rc.local Compatibility...
         Starting Pollinate to seed the pseudo random number generator...
[[0;32m  OK  [0m] Started Deferred execution scheduler.
[[0;32m  OK  [0m] Started D-Bus System Message Bus.
         Starting LXD - container startup/shutdown...
         Starting Login Service...
         Starting Snap Daemon...
[[0;32m  OK  [0m] Started System Logging Service.
[[0;32m  OK  [0m] Started /etc/rc.local Compatibility.
         Starting Authenticate and Authorize Users to Run Privileged Tasks...
[[0;32m  OK  [0m] Started Login Service.
[[0;32m  OK  [0m] Started Unattended Upgrades Shutdown.
[[0;32m  OK  [0m] Started LSB: Record successful boot for GRUB.
[[0;32m  OK  [0m] Started Login to default iSCSI targets.
[[0;32m  OK  [0m] Reached target Remote File Systems (Pre).
[[0;32m  OK  [0m] Reached target Remote File Systems.
         Starting Permit User Sessions...
         Starting LSB: Set the CPU Frequency Scaling governor to "ondemand"...
         Starting LSB: daemon to balance interrupts for SMP systems...
         Starting LSB: automatic crash report generation...
[[0;32m  OK  [0m] Started LSB: MD monitoring daemon.
[[0;32m  OK  [0m] Started Permit User Sessions.
         Starting Hold until boot process finishes up...
         Starting Terminate Plymouth Boot Screen...
[[0;32m  OK  [0m] Started Hold until boot process finishes up.
[[0;32m  OK  [0m] Started Terminate Plymouth Boot Screen.
[[0;32m  OK  [0m] Started Serial Getty on ttyS0.
[[0;32m  OK  [0m] Started Getty on tty1.
[[0;32m  OK  [0m] Reached target Login Prompts.
         Starting Set console scheme...
[[0;32m  OK  [0m] Started Set console scheme.
[[0;32m  OK  [0m] Started Authenticate and Authorize Users to Run Privileged Tasks.
[[0;32m  OK  [0m] Started Accounts Service.
[[0;32m  OK  [0m] Started LSB: daemon to balance interrupts for SMP systems.
[[0;32m  OK  [0m] Started LSB: Set the CPU Frequency Scaling governor to "ondemand".
[[0;32m  OK  [0m] Started LSB: automatic crash report generation.
[[0;32m  OK  [0m] Started Virtualbox guest utils.
[[0;32m  OK  [0m] Started LXD - container startup/shutdown.
[[0;32m  OK  [0m] Started Pollinate to seed the pseudo random number generator.
         Starting OpenBSD Secure Shell server...
[[0;32m  OK  [0m] Started Snap Daemon.
         Starting Wait until snapd is fully seeded...
[[0;32m  OK  [0m] Started OpenBSD Secure Shell server.
[[0;32m  OK  [0m] Started Wait until snapd is fully seeded.
         Starting Apply the settings specified in cloud-config...
[[0;32m  OK  [0m] Reached target Multi-User System.
[[0;32m  OK  [0m] Reached target Graphical Interface.
         Starting Update UTMP about System Runlevel Changes...
[[0;32m  OK  [0m] Started Update UTMP about System Runlevel Changes.
[   19.969805] cloud-init[1291]: Generating locales (this might take a while)...
[   21.034031] cloud-init[1291]:   en_US.UTF-8... done
[   21.038402] cloud-init[1291]: Generation complete.
[   21.346589] cloud-init[1291]: Cloud-init v. 21.1-19-gbad84ad4-0ubuntu1~16.04.2 running 'modules:config' at Sat, 10 Jun 2023 15:02:19 +0000. Up 19.86 seconds.
[[0;32m  OK  [0m] Started Apply the settings specified in cloud-config.
         Starting Execute cloud user/final scripts...
ci-info: no authorized SSH keys fingerprints found for user ubuntu.
<14>Jun 10 15:02:21 ec2: 
<14>Jun 10 15:02:21 ec2: #############################################################
<14>Jun 10 15:02:21 ec2: -----BEGIN SSH HOST KEY FINGERPRINTS-----
<14>Jun 10 15:02:21 ec2: 1024 SHA256:PGBD5we2Z5wN5O9R79YWkxtbeVSzIlEKNBvg2KhuLSw root@ubuntu-xenial (DSA)
<14>Jun 10 15:02:21 ec2: 256 SHA256:9lMAyUCPwEXm0fgo59gzfGbbbpi8zgf7vRr62c16Gd0 root@ubuntu-xenial (ECDSA)
<14>Jun 10 15:02:21 ec2: 256 SHA256:zfFqrtoD6i3DolF/C+j4erzWzvQtmSTSgOOSlGT1TMA root@ubuntu-xenial (ED25519)
<14>Jun 10 15:02:21 ec2: 2048 SHA256:zji27PpSExmmOyvP4BkQcKVNaBfENtsoFigJ46nNS3g root@ubuntu-xenial (RSA)
<14>Jun 10 15:02:21 ec2: -----END SSH HOST KEY FINGERPRINTS-----
<14>Jun 10 15:02:21 ec2: #############################################################
-----BEGIN SSH HOST KEY KEYS-----
ecdsa-sha2-nistp256 AAAAE2VjZHNhLXNoYTItbmlzdHAyNTYAAAAIbmlzdHAyNTYAAABBBE/aUoaaKc54szXyPHVT3Djg3FGVLTjNSQnsU7sWKwmbXWhFPB+8sHeFCFTFNmarbwcBv1Yk7G4dgexzLuinpfE= root@ubuntu-xenial
ssh-ed25519 AAAAC3NzaC1lZDI1NTE5AAAAIDr/ZM6UQMdvDr3OAw38mDG6mf12cxyE5bD7VrzhF6d5 root@ubuntu-xenial
ssh-rsa AAAAB3NzaC1yc2EAAAADAQABAAABAQDG5DzEuaBP9LiMXFNT5edCzK/iS3YU2iGnZ2XVI3bdo917NqQ0SAfTLp3WO1DH5MwrMR1NjXh5Oka+1cpKJJPhG2d+i6Gh+k5nwK6pgT2avxOnKVD39MUEOpjDB03W1TQJxXyoZpwGByKpaXtXgB2QwZQ9AqtS5aj5TvHOphzI12ZcuBKvWUVIJiabutCSWCWaMUzJYSEVqSPPWN3QYDsXksFPMhAfTqlMSrgwuneVbAG06FEaboWSf+yX6R/75tdjhasccmPWvtFydoQWMDB7Ooi6e3b4zIFr7nd2nE+TqDkDCJK/LW//LDKjiFlFGxtVlVvuj0GmGLQoOqqRIOBr root@ubuntu-xenial
-----END SSH HOST KEY KEYS-----
[   21.812801] cloud-init[1334]: Cloud-init v. 21.1-19-gbad84ad4-0ubuntu1~16.04.2 running 'modules:final' at Sat, 10 Jun 2023 15:02:21 +0000. Up 21.64 seconds.
[   21.819542] cloud-init[1334]: ci-info: no authorized SSH keys fingerprints found for user ubuntu.
[   21.824929] cloud-init[1334]: Cloud-init v. 21.1-19-gbad84ad4-0ubuntu1~16.04.2 finished at Sat, 10 Jun 2023 15:02:21 +0000. Datasource DataSourceNoCloud [seed=/dev/sdb][dsmode=net].  Up 21.80 seconds
[[0;32m  OK  [0m] Started Execute cloud user/final scripts.
[[0;32m  OK  [0m] Reached target Cloud-init target.

Ubuntu 16.04.7 LTS ubuntu-xenial ttyS0

ubuntu-xenial login: 